14:46:57.990 [main] DEBUG org.jboss.logging - Logging Provider: org.jboss.logging.Slf4jLoggerProvider
14:46:58.003 [main] DEBUG o.h.i.internal.IntegratorServiceImpl - Adding Integrator [org.hibernate.cfg.beanvalidation.BeanValidationIntegrator].
14:46:58.005 [main] DEBUG o.h.i.internal.IntegratorServiceImpl - Adding Integrator [org.hibernate.secure.spi.JaccIntegrator].
14:46:58.007 [main] DEBUG o.h.i.internal.IntegratorServiceImpl - Adding Integrator [org.hibernate.cache.internal.CollectionCacheInvalidator].
14:46:58.042 [main] INFO  org.hibernate.Version - HHH000412: Hibernate Core {5.4.1.Final}
14:46:58.043 [main] DEBUG org.hibernate.cfg.Environment - HHH000206: hibernate.properties not found
14:46:58.118 [main] DEBUG o.h.b.c.internal.JaxbCfgProcessor - cfg.xml document did not define namespaces; wrapping in custom event reader to introduce namespace information
14:46:58.281 [main] DEBUG o.h.service.spi.ServiceBinding - Overriding existing service binding [org.hibernate.secure.spi.JaccService]
14:46:58.293 [main] DEBUG o.h.c.i.RegionFactoryInitiator - Cannot default RegionFactory based on registered strategies as `[]` RegionFactory strategies were registered
14:46:58.293 [main] DEBUG o.h.c.i.RegionFactoryInitiator - Cache region factory : org.hibernate.cache.internal.NoCachingRegionFactory
14:46:58.312 [main] INFO  o.h.annotations.common.Version - HCANN000001: Hibernate Commons Annotations {5.1.0.Final}
14:46:58.340 [main] DEBUG org.hibernate.type.BasicTypeRegistry - Adding type registration boolean -> org.hibernate.type.BooleanType@f9b7332
14:46:58.340 [main] DEBUG org.hibernate.type.BasicTypeRegistry - Adding type registration boolean -> org.hibernate.type.BooleanType@f9b7332
14:46:58.340 [main] DEBUG org.hibernate.type.BasicTypeRegistry - Adding type registration java.lang.Boolean -> org.hibernate.type.BooleanType@f9b7332
14:46:58.340 [main] DEBUG org.hibernate.type.BasicTypeRegistry - Adding type registration numeric_boolean -> org.hibernate.type.NumericBooleanType@1bdf8190
14:46:58.341 [main] DEBUG org.hibernate.type.BasicTypeRegistry - Adding type registration true_false -> org.hibernate.type.TrueFalseType@6b5176f2
14:46:58.341 [main] DEBUG org.hibernate.type.BasicTypeRegistry - Adding type registration yes_no -> org.hibernate.type.YesNoType@29cfd92b
14:46:58.342 [main] DEBUG org.hibernate.type.BasicTypeRegistry - Adding type registration byte -> org.hibernate.type.ByteType@4a8ab068
14:46:58.342 [main] DEBUG org.hibernate.type.BasicTypeRegistry - Adding type registration byte -> org.hibernate.type.ByteType@4a8ab068
14:46:58.342 [main] DEBUG org.hibernate.type.BasicTypeRegistry - Adding type registration java.lang.Byte -> org.hibernate.type.ByteType@4a8ab068
14:46:58.343 [main] DEBUG org.hibernate.type.BasicTypeRegistry - Adding type registration character -> org.hibernate.type.CharacterType@611f8234
14:46:58.343 [main] DEBUG org.hibernate.type.BasicTypeRegistry - Adding type registration char -> org.hibernate.type.CharacterType@611f8234
14:46:58.343 [main] DEBUG org.hibernate.type.BasicTypeRegistry - Adding type registration java.lang.Character -> org.hibernate.type.CharacterType@611f8234
14:46:58.344 [main] DEBUG org.hibernate.type.BasicTypeRegistry - Adding type registration short -> org.hibernate.type.ShortType@7807ac2c
14:46:58.344 [main] DEBUG org.hibernate.type.BasicTypeRegistry - Adding type registration short -> org.hibernate.type.ShortType@7807ac2c
14:46:58.344 [main] DEBUG org.hibernate.type.BasicTypeRegistry - Adding type registration java.lang.Short -> org.hibernate.type.ShortType@7807ac2c
14:46:58.345 [main] DEBUG org.hibernate.type.BasicTypeRegistry - Adding type registration integer -> org.hibernate.type.IntegerType@3bde62ff
14:46:58.345 [main] DEBUG org.hibernate.type.BasicTypeRegistry - Adding type registration int -> org.hibernate.type.IntegerType@3bde62ff
14:46:58.345 [main] DEBUG org.hibernate.type.BasicTypeRegistry - Adding type registration java.lang.Integer -> org.hibernate.type.IntegerType@3bde62ff
14:46:58.346 [main] DEBUG org.hibernate.type.BasicTypeRegistry - Adding type registration long -> org.hibernate.type.LongType@2b52c0d6
14:46:58.346 [main] DEBUG org.hibernate.type.BasicTypeRegistry - Adding type registration long -> org.hibernate.type.LongType@2b52c0d6
14:46:58.346 [main] DEBUG org.hibernate.type.BasicTypeRegistry - Adding type registration java.lang.Long -> org.hibernate.type.LongType@2b52c0d6
14:46:58.346 [main] DEBUG org.hibernate.type.BasicTypeRegistry - Adding type registration float -> org.hibernate.type.FloatType@cdc3aae
14:46:58.347 [main] DEBUG org.hibernate.type.BasicTypeRegistry - Adding type registration float -> org.hibernate.type.FloatType@cdc3aae
14:46:58.347 [main] DEBUG org.hibernate.type.BasicTypeRegistry - Adding type registration java.lang.Float -> org.hibernate.type.FloatType@cdc3aae
14:46:58.347 [main] DEBUG org.hibernate.type.BasicTypeRegistry - Adding type registration double -> org.hibernate.type.DoubleType@5471388b
14:46:58.347 [main] DEBUG org.hibernate.type.BasicTypeRegistry - Adding type registration double -> org.hibernate.type.DoubleType@5471388b
14:46:58.347 [main] DEBUG org.hibernate.type.BasicTypeRegistry - Adding type registration java.lang.Double -> org.hibernate.type.DoubleType@5471388b
14:46:58.348 [main] DEBUG org.hibernate.type.BasicTypeRegistry - Adding type registration big_decimal -> org.hibernate.type.BigDecimalType@142eef62
14:46:58.348 [main] DEBUG org.hibernate.type.BasicTypeRegistry - Adding type registration java.math.BigDecimal -> org.hibernate.type.BigDecimalType@142eef62
14:46:58.349 [main] DEBUG org.hibernate.type.BasicTypeRegistry - Adding type registration big_integer -> org.hibernate.type.BigIntegerType@12cd9150
14:46:58.349 [main] DEBUG org.hibernate.type.BasicTypeRegistry - Adding type registration java.math.BigInteger -> org.hibernate.type.BigIntegerType@12cd9150
14:46:58.349 [main] DEBUG org.hibernate.type.BasicTypeRegistry - Adding type registration string -> org.hibernate.type.StringType@c9413d8
14:46:58.349 [main] DEBUG org.hibernate.type.BasicTypeRegistry - Adding type registration java.lang.String -> org.hibernate.type.StringType@c9413d8
14:46:58.350 [main] DEBUG org.hibernate.type.BasicTypeRegistry - Adding type registration nstring -> org.hibernate.type.StringNVarcharType@2c715e84
14:46:58.350 [main] DEBUG org.hibernate.type.BasicTypeRegistry - Adding type registration ncharacter -> org.hibernate.type.CharacterNCharType@21694e53
14:46:58.351 [main] DEBUG org.hibernate.type.BasicTypeRegistry - Adding type registration url -> org.hibernate.type.UrlType@26be6ca7
14:46:58.351 [main] DEBUG org.hibernate.type.BasicTypeRegistry - Adding type registration java.net.URL -> org.hibernate.type.UrlType@26be6ca7
14:46:58.352 [main] DEBUG org.hibernate.type.BasicTypeRegistry - Adding type registration Duration -> org.hibernate.type.DurationType@46c670a6
14:46:58.352 [main] DEBUG org.hibernate.type.BasicTypeRegistry - Adding type registration java.time.Duration -> org.hibernate.type.DurationType@46c670a6
14:46:58.360 [main] DEBUG org.hibernate.type.BasicTypeRegistry - Adding type registration Instant -> org.hibernate.type.InstantType@388ffbc2
14:46:58.360 [main] DEBUG org.hibernate.type.BasicTypeRegistry - Adding type registration java.time.Instant -> org.hibernate.type.InstantType@388ffbc2
14:46:58.361 [main] DEBUG org.hibernate.type.BasicTypeRegistry - Adding type registration LocalDateTime -> org.hibernate.type.LocalDateTimeType@4de025bf
14:46:58.361 [main] DEBUG org.hibernate.type.BasicTypeRegistry - Adding type registration java.time.LocalDateTime -> org.hibernate.type.LocalDateTimeType@4de025bf
14:46:58.362 [main] DEBUG org.hibernate.type.BasicTypeRegistry - Adding type registration LocalDate -> org.hibernate.type.LocalDateType@9f46d94
14:46:58.362 [main] DEBUG org.hibernate.type.BasicTypeRegistry - Adding type registration java.time.LocalDate -> org.hibernate.type.LocalDateType@9f46d94
14:46:58.363 [main] DEBUG org.hibernate.type.BasicTypeRegistry - Adding type registration LocalTime -> org.hibernate.type.LocalTimeType@2755d705
14:46:58.363 [main] DEBUG org.hibernate.type.BasicTypeRegistry - Adding type registration java.time.LocalTime -> org.hibernate.type.LocalTimeType@2755d705
14:46:58.364 [main] DEBUG org.hibernate.type.BasicTypeRegistry - Adding type registration OffsetDateTime -> org.hibernate.type.OffsetDateTimeType@64c2b546
14:46:58.365 [main] DEBUG org.hibernate.type.BasicTypeRegistry - Adding type registration java.time.OffsetDateTime -> org.hibernate.type.OffsetDateTimeType@64c2b546
14:46:58.365 [main] DEBUG org.hibernate.type.BasicTypeRegistry - Adding type registration OffsetTime -> org.hibernate.type.OffsetTimeType@5398edd0
14:46:58.366 [main] DEBUG org.hibernate.type.BasicTypeRegistry - Adding type registration java.time.OffsetTime -> org.hibernate.type.OffsetTimeType@5398edd0
14:46:58.367 [main] DEBUG org.hibernate.type.BasicTypeRegistry - Adding type registration ZonedDateTime -> org.hibernate.type.ZonedDateTimeType@3f093abe
14:46:58.367 [main] DEBUG org.hibernate.type.BasicTypeRegistry - Adding type registration java.time.ZonedDateTime -> org.hibernate.type.ZonedDateTimeType@3f093abe
14:46:58.368 [main] DEBUG org.hibernate.type.BasicTypeRegistry - Adding type registration date -> org.hibernate.type.DateType@3aa3193a
14:46:58.369 [main] DEBUG org.hibernate.type.BasicTypeRegistry - Adding type registration java.sql.Date -> org.hibernate.type.DateType@3aa3193a
14:46:58.369 [main] DEBUG org.hibernate.type.BasicTypeRegistry - Adding type registration time -> org.hibernate.type.TimeType@ca27722
14:46:58.369 [main] DEBUG org.hibernate.type.BasicTypeRegistry - Adding type registration java.sql.Time -> org.hibernate.type.TimeType@ca27722
14:46:58.370 [main] DEBUG org.hibernate.type.BasicTypeRegistry - Adding type registration timestamp -> org.hibernate.type.TimestampType@58c540cf
14:46:58.370 [main] DEBUG org.hibernate.type.BasicTypeRegistry - Adding type registration java.sql.Timestamp -> org.hibernate.type.TimestampType@58c540cf
14:46:58.371 [main] DEBUG org.hibernate.type.BasicTypeRegistry - Adding type registration java.util.Date -> org.hibernate.type.TimestampType@58c540cf
14:46:58.372 [main] DEBUG org.hibernate.type.BasicTypeRegistry - Adding type registration dbtimestamp -> org.hibernate.type.DbTimestampType@56102e1c
14:46:58.372 [main] DEBUG org.hibernate.type.BasicTypeRegistry - Adding type registration calendar -> org.hibernate.type.CalendarType@514eedd8
14:46:58.373 [main] DEBUG org.hibernate.type.BasicTypeRegistry - Adding type registration java.util.Calendar -> org.hibernate.type.CalendarType@514eedd8
14:46:58.373 [main] DEBUG org.hibernate.type.BasicTypeRegistry - Adding type registration java.util.GregorianCalendar -> org.hibernate.type.CalendarType@514eedd8
14:46:58.373 [main] DEBUG org.hibernate.type.BasicTypeRegistry - Adding type registration calendar_date -> org.hibernate.type.CalendarDateType@245a26e1
14:46:58.374 [main] DEBUG org.hibernate.type.BasicTypeRegistry - Adding type registration locale -> org.hibernate.type.LocaleType@407cf41
14:46:58.374 [main] DEBUG org.hibernate.type.BasicTypeRegistry - Adding type registration java.util.Locale -> org.hibernate.type.LocaleType@407cf41
14:46:58.374 [main] DEBUG org.hibernate.type.BasicTypeRegistry - Adding type registration currency -> org.hibernate.type.CurrencyType@10b892d5
14:46:58.375 [main] DEBUG org.hibernate.type.BasicTypeRegistry - Adding type registration java.util.Currency -> org.hibernate.type.CurrencyType@10b892d5
14:46:58.375 [main] DEBUG org.hibernate.type.BasicTypeRegistry - Adding type registration timezone -> org.hibernate.type.TimeZoneType@790174f2
14:46:58.375 [main] DEBUG org.hibernate.type.BasicTypeRegistry - Adding type registration java.util.TimeZone -> org.hibernate.type.TimeZoneType@790174f2
14:46:58.376 [main] DEBUG org.hibernate.type.BasicTypeRegistry - Adding type registration class -> org.hibernate.type.ClassType@70925b45
14:46:58.376 [main] DEBUG org.hibernate.type.BasicTypeRegistry - Adding type registration java.lang.Class -> org.hibernate.type.ClassType@70925b45
14:46:58.376 [main] DEBUG org.hibernate.type.BasicTypeRegistry - Adding type registration uuid-binary -> org.hibernate.type.UUIDBinaryType@2af616d3
14:46:58.376 [main] DEBUG org.hibernate.type.BasicTypeRegistry - Adding type registration java.util.UUID -> org.hibernate.type.UUIDBinaryType@2af616d3
14:46:58.377 [main] DEBUG org.hibernate.type.BasicTypeRegistry - Adding type registration uuid-char -> org.hibernate.type.UUIDCharType@7889a1ac
14:46:58.377 [main] DEBUG org.hibernate.type.BasicTypeRegistry - Adding type registration binary -> org.hibernate.type.BinaryType@7e0aadd0
14:46:58.377 [main] DEBUG org.hibernate.type.BasicTypeRegistry - Adding type registration byte[] -> org.hibernate.type.BinaryType@7e0aadd0
14:46:58.377 [main] DEBUG org.hibernate.type.BasicTypeRegistry - Adding type registration [B -> org.hibernate.type.BinaryType@7e0aadd0
14:46:58.378 [main] DEBUG org.hibernate.type.BasicTypeRegistry - Adding type registration wrapper-binary -> org.hibernate.type.WrapperBinaryType@1494b84d
14:46:58.378 [main] DEBUG org.hibernate.type.BasicTypeRegistry - Adding type registration Byte[] -> org.hibernate.type.WrapperBinaryType@1494b84d
14:46:58.378 [main] DEBUG org.hibernate.type.BasicTypeRegistry - Adding type registration [Ljava.lang.Byte; -> org.hibernate.type.WrapperBinaryType@1494b84d
14:46:58.379 [main] DEBUG org.hibernate.type.BasicTypeRegistry - Adding type registration row_version -> org.hibernate.type.RowVersionType@226f885f
14:46:58.379 [main] DEBUG org.hibernate.type.BasicTypeRegistry - Adding type registration image -> org.hibernate.type.ImageType@52350abb
14:46:58.379 [main] DEBUG org.hibernate.type.BasicTypeRegistry - Adding type registration characters -> org.hibernate.type.CharArrayType@1b58ff9e
14:46:58.380 [main] DEBUG org.hibernate.type.BasicTypeRegistry - Adding type registration char[] -> org.hibernate.type.CharArrayType@1b58ff9e
14:46:58.380 [main] DEBUG org.hibernate.type.BasicTypeRegistry - Adding type registration [C -> org.hibernate.type.CharArrayType@1b58ff9e
14:46:58.380 [main] DEBUG org.hibernate.type.BasicTypeRegistry - Adding type registration wrapper-characters -> org.hibernate.type.CharacterArrayType@22c01ab0
14:46:58.380 [main] DEBUG org.hibernate.type.BasicTypeRegistry - Adding type registration [Ljava.lang.Character; -> org.hibernate.type.CharacterArrayType@22c01ab0
14:46:58.380 [main] DEBUG org.hibernate.type.BasicTypeRegistry - Adding type registration Character[] -> org.hibernate.type.CharacterArrayType@22c01ab0
14:46:58.381 [main] DEBUG org.hibernate.type.BasicTypeRegistry - Adding type registration text -> org.hibernate.type.TextType@76b74e9c
14:46:58.381 [main] DEBUG org.hibernate.type.BasicTypeRegistry - Adding type registration ntext -> org.hibernate.type.NTextType@16afbd92
14:46:58.382 [main] DEBUG org.hibernate.type.BasicTypeRegistry - Adding type registration blob -> org.hibernate.type.BlobType@1051817b
14:46:58.382 [main] DEBUG org.hibernate.type.BasicTypeRegistry - Adding type registration java.sql.Blob -> org.hibernate.type.BlobType@1051817b
14:46:58.382 [main] DEBUG org.hibernate.type.BasicTypeRegistry - Adding type registration materialized_blob -> org.hibernate.type.MaterializedBlobType@3174cb09
14:46:58.383 [main] DEBUG org.hibernate.type.BasicTypeRegistry - Adding type registration clob -> org.hibernate.type.ClobType@5dda6f9
14:46:58.383 [main] DEBUG org.hibernate.type.BasicTypeRegistry - Adding type registration java.sql.Clob -> org.hibernate.type.ClobType@5dda6f9
14:46:58.384 [main] DEBUG org.hibernate.type.BasicTypeRegistry - Adding type registration nclob -> org.hibernate.type.NClobType@f31c0c6
14:46:58.384 [main] DEBUG org.hibernate.type.BasicTypeRegistry - Adding type registration java.sql.NClob -> org.hibernate.type.NClobType@f31c0c6
14:46:58.384 [main] DEBUG org.hibernate.type.BasicTypeRegistry - Adding type registration materialized_clob -> org.hibernate.type.MaterializedClobType@2e8ab815
14:46:58.384 [main] DEBUG org.hibernate.type.BasicTypeRegistry - Adding type registration materialized_nclob -> org.hibernate.type.MaterializedNClobType@3a0807b7
14:46:58.385 [main] DEBUG org.hibernate.type.BasicTypeRegistry - Adding type registration serializable -> org.hibernate.type.SerializableType@48f5bde6
14:46:58.387 [main] DEBUG org.hibernate.type.BasicTypeRegistry - Adding type registration object -> org.hibernate.type.ObjectType@6bc28a83
14:46:58.387 [main] DEBUG org.hibernate.type.BasicTypeRegistry - Adding type registration java.lang.Object -> org.hibernate.type.ObjectType@6bc28a83
14:46:58.387 [main] DEBUG org.hibernate.type.BasicTypeRegistry - Adding type registration imm_date -> org.hibernate.type.AdaptedImmutableType@5bd73d1a
14:46:58.387 [main] DEBUG org.hibernate.type.BasicTypeRegistry - Adding type registration imm_time -> org.hibernate.type.AdaptedImmutableType@aec50a1
14:46:58.387 [main] DEBUG org.hibernate.type.BasicTypeRegistry - Adding type registration imm_timestamp -> org.hibernate.type.AdaptedImmutableType@2555fff0
14:46:58.387 [main] DEBUG org.hibernate.type.BasicTypeRegistry - Adding type registration imm_dbtimestamp -> org.hibernate.type.AdaptedImmutableType@70d2e40b
14:46:58.387 [main] DEBUG org.hibernate.type.BasicTypeRegistry - Adding type registration imm_calendar -> org.hibernate.type.AdaptedImmutableType@120f38e6
14:46:58.388 [main] DEBUG org.hibernate.type.BasicTypeRegistry - Adding type registration imm_calendar_date -> org.hibernate.type.AdaptedImmutableType@7a0e1b5e
14:46:58.388 [main] DEBUG org.hibernate.type.BasicTypeRegistry - Adding type registration imm_binary -> org.hibernate.type.AdaptedImmutableType@702ed190
14:46:58.388 [main] DEBUG org.hibernate.type.BasicTypeRegistry - Adding type registration imm_serializable -> org.hibernate.type.AdaptedImmutableType@173b9122
14:46:58.400 [main] DEBUG o.h.i.f.i.DefaultIdentifierGeneratorFactory - Registering IdentifierGenerator strategy [uuid2] -> [org.hibernate.id.UUIDGenerator]
14:46:58.401 [main] DEBUG o.h.i.f.i.DefaultIdentifierGeneratorFactory - Registering IdentifierGenerator strategy [guid] -> [org.hibernate.id.GUIDGenerator]
14:46:58.401 [main] DEBUG o.h.i.f.i.DefaultIdentifierGeneratorFactory - Registering IdentifierGenerator strategy [uuid] -> [org.hibernate.id.UUIDHexGenerator]
14:46:58.401 [main] DEBUG o.h.i.f.i.DefaultIdentifierGeneratorFactory - Registering IdentifierGenerator strategy [uuid.hex] -> [org.hibernate.id.UUIDHexGenerator]
14:46:58.401 [main] DEBUG o.h.i.f.i.DefaultIdentifierGeneratorFactory - Registering IdentifierGenerator strategy [assigned] -> [org.hibernate.id.Assigned]
14:46:58.402 [main] DEBUG o.h.i.f.i.DefaultIdentifierGeneratorFactory - Registering IdentifierGenerator strategy [identity] -> [org.hibernate.id.IdentityGenerator]
14:46:58.402 [main] DEBUG o.h.i.f.i.DefaultIdentifierGeneratorFactory - Registering IdentifierGenerator strategy [select] -> [org.hibernate.id.SelectGenerator]
14:46:58.403 [main] DEBUG o.h.i.f.i.DefaultIdentifierGeneratorFactory - Registering IdentifierGenerator strategy [sequence] -> [org.hibernate.id.enhanced.SequenceStyleGenerator]
14:46:58.403 [main] DEBUG o.h.i.f.i.DefaultIdentifierGeneratorFactory - Registering IdentifierGenerator strategy [seqhilo] -> [org.hibernate.id.SequenceHiLoGenerator]
14:46:58.403 [main] DEBUG o.h.i.f.i.DefaultIdentifierGeneratorFactory - Registering IdentifierGenerator strategy [increment] -> [org.hibernate.id.IncrementGenerator]
14:46:58.404 [main] DEBUG o.h.i.f.i.DefaultIdentifierGeneratorFactory - Registering IdentifierGenerator strategy [foreign] -> [org.hibernate.id.ForeignGenerator]
14:46:58.404 [main] DEBUG o.h.i.f.i.DefaultIdentifierGeneratorFactory - Registering IdentifierGenerator strategy [sequence-identity] -> [org.hibernate.id.SequenceIdentityGenerator]
14:46:58.404 [main] DEBUG o.h.i.f.i.DefaultIdentifierGeneratorFactory - Registering IdentifierGenerator strategy [enhanced-sequence] -> [org.hibernate.id.enhanced.SequenceStyleGenerator]
14:46:58.405 [main] DEBUG o.h.i.f.i.DefaultIdentifierGeneratorFactory - Registering IdentifierGenerator strategy [enhanced-table] -> [org.hibernate.id.enhanced.TableGenerator]
14:46:58.407 [main] WARN  o.hibernate.orm.connections.pooling - HHH10001002: Using Hibernate built-in connection pool (not for production use!)
14:46:58.411 [main] INFO  o.hibernate.orm.connections.pooling - HHH10001005: using driver [org.postgresql.Driver] at URL [jdbc:postgresql://localhost:5432/tetris_dbh]
14:46:58.412 [main] INFO  o.hibernate.orm.connections.pooling - HHH10001001: Connection properties: {password=password, user=postgres}
14:46:58.412 [main] INFO  o.hibernate.orm.connections.pooling - HHH10001003: Autocommit mode: false
14:46:58.413 [main] DEBUG o.h.e.j.c.i.DriverManagerConnectionProviderImpl - Initializing Connection pool with 1 Connections
14:46:58.413 [main] INFO  o.h.e.j.c.i.DriverManagerConnectionProviderImpl - HHH000115: Hibernate connection pool size: 20 (min=1)
14:46:58.447 [main] DEBUG o.h.e.j.e.i.JdbcEnvironmentInitiator - Database ->
       name : PostgreSQL
    version : 12.1 (Debian 12.1-1.pgdg100+1)
      major : 12
      minor : 1
14:46:58.447 [main] DEBUG o.h.e.j.e.i.JdbcEnvironmentInitiator - Driver ->
       name : PostgreSQL Native Driver
    version : PostgreSQL 9.1 JDBC4 (build 901)
      major : 9
      minor : 1
14:46:58.447 [main] DEBUG o.h.e.j.e.i.JdbcEnvironmentInitiator - JDBC version : 4.0
14:46:58.453 [main] INFO  org.hibernate.dialect.Dialect - HHH000400: Using dialect: org.hibernate.dialect.PostgreSQL9Dialect
14:46:58.460 [main] DEBUG o.h.e.j.e.s.IdentifierHelperBuilder - JDBC driver metadata reported database stores quoted identifiers in neither upper, lower nor mixed case
14:46:58.563 [main] DEBUG o.h.e.j.e.i.DefaultSchemaNameResolver - Unable to use Java 1.7 Connection#getSchema : An error occurred trying to resolve the connection default schema resolver: Method org.postgresql.jdbc4.Jdbc4Connection.getSchema() is not yet implemented.
14:46:58.564 [main] DEBUG o.h.e.j.e.i.JdbcEnvironmentImpl - Unable to resolve connection default schema
org.hibernate.HibernateException: Use of DefaultSchemaNameResolver requires Dialect to provide the proper SQL statement/command but provided Dialect [org.hibernate.dialect.PostgreSQL9Dialect] did not return anything from Dialect#getCurrentSchemaCommand
	at org.hibernate.engine.jdbc.env.internal.DefaultSchemaNameResolver$SchemaNameResolverFallbackDelegate.resolveSchemaName(DefaultSchemaNameResolver.java:100)
	at org.hibernate.engine.jdbc.env.internal.DefaultSchemaNameResolver.resolveSchemaName(DefaultSchemaNameResolver.java:76)
	at org.hibernate.engine.jdbc.env.internal.JdbcEnvironmentImpl.determineCurrentSchemaName(JdbcEnvironmentImpl.java:311)
	at org.hibernate.engine.jdbc.env.internal.JdbcEnvironmentImpl.<init>(JdbcEnvironmentImpl.java:266)
	at org.hibernate.engine.jdbc.env.internal.JdbcEnvironmentInitiator.initiateService(JdbcEnvironmentInitiator.java:114)
	at org.hibernate.engine.jdbc.env.internal.JdbcEnvironmentInitiator.initiateService(JdbcEnvironmentInitiator.java:35)
	at org.hibernate.boot.registry.internal.StandardServiceRegistryImpl.initiateService(StandardServiceRegistryImpl.java:101)
	at org.hibernate.service.internal.AbstractServiceRegistryImpl.createService(AbstractServiceRegistryImpl.java:263)
	at org.hibernate.service.internal.AbstractServiceRegistryImpl.initializeService(AbstractServiceRegistryImpl.java:237)
	at org.hibernate.service.internal.AbstractServiceRegistryImpl.getService(AbstractServiceRegistryImpl.java:214)
	at org.hibernate.id.factory.internal.DefaultIdentifierGeneratorFactory.injectServices(DefaultIdentifierGeneratorFactory.java:152)
	at org.hibernate.service.internal.AbstractServiceRegistryImpl.injectDependencies(AbstractServiceRegistryImpl.java:286)
	at org.hibernate.service.internal.AbstractServiceRegistryImpl.initializeService(AbstractServiceRegistryImpl.java:243)
	at org.hibernate.service.internal.AbstractServiceRegistryImpl.getService(AbstractServiceRegistryImpl.java:214)
	at org.hibernate.boot.internal.InFlightMetadataCollectorImpl.<init>(InFlightMetadataCollectorImpl.java:175)
	at org.hibernate.boot.model.process.spi.MetadataBuildingProcess.complete(MetadataBuildingProcess.java:118)
	at org.hibernate.boot.model.process.spi.MetadataBuildingProcess.build(MetadataBuildingProcess.java:83)
	at org.hibernate.boot.internal.MetadataBuilderImpl.build(MetadataBuilderImpl.java:473)
	at org.hibernate.boot.internal.MetadataBuilderImpl.build(MetadataBuilderImpl.java:84)
	at com.tetris.db.utils.HibernateUtil.getSessionFactory(HibernateUtil.java:21)
	at com.tetris.db.repositories.impl.FigureRepository.getFiguresByGameId(FigureRepository.java:49)
	at com.tetris.db.repositories.impl.FigureRepository.main(FigureRepository.java:19)
14:46:58.574 [main] DEBUG o.h.boot.model.relational.Namespace - Created database namespace [logicalName=Name{catalog=null, schema=null}, physicalName=Name{catalog=null, schema=null}]
14:46:58.576 [main] DEBUG org.hibernate.type.BasicTypeRegistry - Adding type registration pg-uuid -> org.hibernate.type.PostgresUUIDType@55cff952
14:46:58.576 [main] DEBUG org.hibernate.type.BasicTypeRegistry - Adding type registration java.util.UUID -> org.hibernate.type.PostgresUUIDType@55cff952
14:46:58.576 [main] DEBUG org.hibernate.type.BasicTypeRegistry - HHH000270: Type registration [java.util.UUID] overrides previous : org.hibernate.type.UUIDBinaryType@2af616d3
14:46:58.576 [main] DEBUG o.h.type.spi.TypeConfiguration$Scope - Scoping TypeConfiguration [org.hibernate.type.spi.TypeConfiguration@388b401d] to MetadataBuildingContext [org.hibernate.boot.internal.MetadataBuildingContextRootImpl@2bcec6a6]
14:46:58.600 [main] DEBUG org.hibernate.cfg.AnnotationBinder - Binding entity from annotated class: com.tetris.db.entity.FigureType
14:46:58.610 [main] DEBUG org.hibernate.cfg.Ejb3Column - Binding column: Ejb3DiscriminatorColumn{logicalColumnName'DTYPE', discriminatorTypeName='string'}
14:46:58.612 [main] DEBUG o.h.cfg.annotations.EntityBinder - Import with entity name FigureType
14:46:58.613 [main] DEBUG o.h.cfg.annotations.EntityBinder - Bind entity com.tetris.db.entity.FigureType on table figure_type
14:46:58.627 [main] DEBUG org.hibernate.cfg.Ejb3Column - Binding column: Ejb3Column{table=org.hibernate.mapping.Table(figure_type), mappingColumn=figure_type_id, insertable=true, updatable=true, unique=false}
14:46:58.629 [main] DEBUG o.h.cfg.annotations.PropertyBinder - MetadataSourceProcessor property figureTypeId with lazy=false
14:46:58.629 [main] DEBUG o.h.cfg.AbstractPropertyHolder - Attempting to locate auto-apply AttributeConverter for property [com.tetris.db.entity.FigureType:figureTypeId]
14:46:58.630 [main] DEBUG o.h.c.annotations.SimpleValueBinder - building SimpleValue for figureTypeId
14:46:58.631 [main] DEBUG o.h.cfg.annotations.PropertyBinder - Building property figureTypeId
14:46:58.633 [main] DEBUG org.hibernate.cfg.BinderHelper - #makeIdGenerator(org.hibernate.mapping.SimpleValue([org.hibernate.mapping.Column(figure_type_id)]), figureTypeId, identity, , ...)
14:46:58.633 [main] DEBUG org.hibernate.cfg.Ejb3Column - Binding column: Ejb3Column{table=org.hibernate.mapping.Table(figure_type), mappingColumn=figure_structure, insertable=true, updatable=true, unique=false}
14:46:58.633 [main] DEBUG o.h.cfg.annotations.PropertyBinder - MetadataSourceProcessor property figureStructure with lazy=false
14:46:58.634 [main] DEBUG o.h.cfg.AbstractPropertyHolder - Attempting to locate auto-apply AttributeConverter for property [com.tetris.db.entity.FigureType:figureStructure]
14:46:58.634 [main] DEBUG o.h.c.annotations.SimpleValueBinder - building SimpleValue for figureStructure
14:46:58.634 [main] DEBUG o.h.cfg.annotations.PropertyBinder - Building property figureStructure
14:46:58.635 [main] DEBUG org.hibernate.cfg.Ejb3Column - Binding column: Ejb3Column{table=org.hibernate.mapping.Table(figure_type), mappingColumn=null, insertable=true, updatable=true, unique=false}
14:46:58.639 [main] DEBUG org.hibernate.cfg.Ejb3Column - Binding column: Ejb3Column{table=org.hibernate.mapping.Table(figure_type), mappingColumn=element, insertable=true, updatable=true, unique=false}
14:46:58.639 [main] DEBUG org.hibernate.cfg.Ejb3Column - Binding column: Ejb3Column{table=org.hibernate.mapping.Table(figure_type), mappingColumn=games_KEY, insertable=true, updatable=true, unique=false}
14:46:58.640 [main] DEBUG org.hibernate.cfg.Ejb3Column - Binding column: Ejb3JoinColumn{logicalColumnName='games_KEY', referencedColumn='null', mappedBy='null'}
14:46:58.641 [main] DEBUG org.hibernate.cfg.Ejb3Column - Binding column: Ejb3JoinColumn{logicalColumnName='figure_type_id', referencedColumn='', mappedBy=''}
14:46:58.641 [main] DEBUG org.hibernate.cfg.Ejb3Column - Binding column: Ejb3JoinColumn{logicalColumnName='game_id', referencedColumn='', mappedBy=''}
14:46:58.641 [main] DEBUG o.h.cfg.annotations.CollectionBinder - Collection role: com.tetris.db.entity.FigureType.games
14:46:58.642 [main] DEBUG o.h.cfg.annotations.PropertyBinder - Building property games
14:46:58.643 [main] DEBUG org.hibernate.cfg.AnnotationBinder - Binding entity from annotated class: com.tetris.db.entity.Game
14:46:58.643 [main] DEBUG org.hibernate.cfg.Ejb3Column - Binding column: Ejb3DiscriminatorColumn{logicalColumnName'DTYPE', discriminatorTypeName='string'}
14:46:58.643 [main] DEBUG o.h.cfg.annotations.EntityBinder - Import with entity name Game
14:46:58.644 [main] DEBUG o.h.cfg.annotations.EntityBinder - Bind entity com.tetris.db.entity.Game on table Game
14:46:58.646 [main] DEBUG org.hibernate.cfg.Ejb3Column - Binding column: Ejb3Column{table=org.hibernate.mapping.Table(Game), mappingColumn=game_id, insertable=true, updatable=true, unique=false}
14:46:58.647 [main] DEBUG o.h.cfg.annotations.PropertyBinder - MetadataSourceProcessor property gameId with lazy=false
14:46:58.647 [main] DEBUG o.h.cfg.AbstractPropertyHolder - Attempting to locate auto-apply AttributeConverter for property [com.tetris.db.entity.Game:gameId]
14:46:58.647 [main] DEBUG o.h.c.annotations.SimpleValueBinder - building SimpleValue for gameId
14:46:58.647 [main] DEBUG o.h.cfg.annotations.PropertyBinder - Building property gameId
14:46:58.647 [main] DEBUG org.hibernate.cfg.BinderHelper - #makeIdGenerator(org.hibernate.mapping.SimpleValue([org.hibernate.mapping.Column(game_id)]), gameId, identity, , ...)
14:46:58.647 [main] DEBUG org.hibernate.cfg.Ejb3Column - Binding column: Ejb3Column{table=org.hibernate.mapping.Table(Game), mappingColumn=null, insertable=true, updatable=true, unique=false}
14:46:58.647 [main] DEBUG org.hibernate.cfg.Ejb3Column - Binding column: Ejb3Column{table=org.hibernate.mapping.Table(Game), mappingColumn=element, insertable=true, updatable=true, unique=false}
14:46:58.647 [main] DEBUG org.hibernate.cfg.Ejb3Column - Binding column: Ejb3Column{table=org.hibernate.mapping.Table(Game), mappingColumn=figures_KEY, insertable=true, updatable=true, unique=false}
14:46:58.647 [main] DEBUG org.hibernate.cfg.Ejb3Column - Binding column: Ejb3JoinColumn{logicalColumnName='figures_KEY', referencedColumn='null', mappedBy='null'}
14:46:58.647 [main] DEBUG org.hibernate.cfg.Ejb3Column - Binding column: Ejb3JoinColumn{logicalColumnName='game_id', referencedColumn='', mappedBy=''}
14:46:58.647 [main] DEBUG org.hibernate.cfg.Ejb3Column - Binding column: Ejb3JoinColumn{logicalColumnName='figure_type_id', referencedColumn='', mappedBy=''}
14:46:58.647 [main] DEBUG o.h.cfg.annotations.CollectionBinder - Collection role: com.tetris.db.entity.Game.figures
14:46:58.648 [main] DEBUG o.h.cfg.annotations.PropertyBinder - Building property figures
14:46:58.648 [main] DEBUG org.hibernate.cfg.Ejb3Column - Binding column: Ejb3JoinColumn{logicalColumnName='null', referencedColumn='null', mappedBy='game'}
14:46:58.648 [main] DEBUG org.hibernate.cfg.Ejb3Column - Binding column: Ejb3Column{table=org.hibernate.mapping.Table(Game), mappingColumn=moves, insertable=true, updatable=true, unique=false}
14:46:58.648 [main] DEBUG org.hibernate.cfg.Ejb3Column - Binding column: Ejb3Column{table=org.hibernate.mapping.Table(Game), mappingColumn=null, insertable=true, updatable=true, unique=false}
14:46:58.648 [main] DEBUG org.hibernate.cfg.Ejb3Column - Binding column: Ejb3Column{table=org.hibernate.mapping.Table(Game), mappingColumn=element, insertable=true, updatable=true, unique=false}
14:46:58.648 [main] DEBUG org.hibernate.cfg.Ejb3Column - Binding column: Ejb3Column{table=org.hibernate.mapping.Table(Game), mappingColumn=moves_KEY, insertable=true, updatable=true, unique=false}
14:46:58.648 [main] DEBUG org.hibernate.cfg.Ejb3Column - Binding column: Ejb3JoinColumn{logicalColumnName='moves_KEY', referencedColumn='null', mappedBy='null'}
14:46:58.648 [main] DEBUG org.hibernate.cfg.Ejb3Column - Binding column: Ejb3JoinColumn{logicalColumnName='null', referencedColumn='null', mappedBy='game'}
14:46:58.648 [main] DEBUG org.hibernate.cfg.Ejb3Column - Binding column: Ejb3JoinColumn{logicalColumnName='null', referencedColumn='null', mappedBy='game'}
14:46:58.648 [main] DEBUG o.h.cfg.annotations.CollectionBinder - Collection role: com.tetris.db.entity.Game.moves
14:46:58.648 [main] DEBUG o.h.cfg.annotations.PropertyBinder - Building property moves
14:46:58.649 [main] DEBUG org.hibernate.cfg.Ejb3Column - Binding column: Ejb3Column{table=org.hibernate.mapping.Table(Game), mappingColumn=state, insertable=true, updatable=true, unique=false}
14:46:58.649 [main] DEBUG o.h.cfg.annotations.PropertyBinder - MetadataSourceProcessor property state with lazy=false
14:46:58.649 [main] DEBUG o.h.cfg.AbstractPropertyHolder - Attempting to locate auto-apply AttributeConverter for property [com.tetris.db.entity.Game:state]
14:46:58.650 [main] DEBUG o.h.c.annotations.SimpleValueBinder - building SimpleValue for state
14:46:58.650 [main] DEBUG o.h.cfg.annotations.PropertyBinder - Building property state
14:46:58.650 [main] DEBUG org.hibernate.cfg.AnnotationBinder - Binding entity from annotated class: com.tetris.db.entity.Move
14:46:58.650 [main] DEBUG org.hibernate.cfg.Ejb3Column - Binding column: Ejb3DiscriminatorColumn{logicalColumnName'DTYPE', discriminatorTypeName='string'}
14:46:58.650 [main] DEBUG o.h.cfg.annotations.EntityBinder - Import with entity name Move
14:46:58.650 [main] DEBUG o.h.cfg.annotations.EntityBinder - Bind entity com.tetris.db.entity.Move on table Move
14:46:58.651 [main] DEBUG org.hibernate.cfg.Ejb3Column - Binding column: Ejb3Column{table=org.hibernate.mapping.Table(Move), mappingColumn=move_id, insertable=true, updatable=true, unique=false}
14:46:58.652 [main] DEBUG o.h.cfg.annotations.PropertyBinder - MetadataSourceProcessor property moveId with lazy=false
14:46:58.652 [main] DEBUG o.h.cfg.AbstractPropertyHolder - Attempting to locate auto-apply AttributeConverter for property [com.tetris.db.entity.Move:moveId]
14:46:58.652 [main] DEBUG o.h.c.annotations.SimpleValueBinder - building SimpleValue for moveId
14:46:58.652 [main] DEBUG o.h.cfg.annotations.PropertyBinder - Building property moveId
14:46:58.652 [main] DEBUG org.hibernate.cfg.BinderHelper - #makeIdGenerator(org.hibernate.mapping.SimpleValue([org.hibernate.mapping.Column(move_id)]), moveId, identity, , ...)
14:46:58.652 [main] DEBUG org.hibernate.cfg.Ejb3Column - Binding column: Ejb3JoinColumn{logicalColumnName='game_id', referencedColumn='', mappedBy=''}
14:46:58.652 [main] DEBUG org.hibernate.cfg.Ejb3Column - Binding column: Ejb3Column{table=org.hibernate.mapping.Table(Move), mappingColumn=game, insertable=true, updatable=true, unique=false}
14:46:58.653 [main] DEBUG o.h.cfg.annotations.PropertyBinder - Building property game
14:46:58.654 [main] DEBUG org.hibernate.cfg.Ejb3Column - Binding column: Ejb3Column{table=org.hibernate.mapping.Table(Move), mappingColumn=move_event_type, insertable=true, updatable=true, unique=false}
14:46:58.654 [main] DEBUG o.h.cfg.annotations.PropertyBinder - MetadataSourceProcessor property moveEventType with lazy=false
14:46:58.654 [main] DEBUG o.h.cfg.AbstractPropertyHolder - Attempting to locate auto-apply AttributeConverter for property [com.tetris.db.entity.Move:moveEventType]
14:46:58.654 [main] DEBUG o.h.c.annotations.SimpleValueBinder - building SimpleValue for moveEventType
14:46:58.654 [main] DEBUG o.h.cfg.annotations.PropertyBinder - Building property moveEventType
14:46:58.654 [main] DEBUG o.h.c.annotations.SimpleValueBinder - Starting fillSimpleValue for figureTypeId
14:46:58.654 [main] DEBUG o.h.c.annotations.SimpleValueBinder - Starting fillSimpleValue for figureStructure
14:46:58.655 [main] DEBUG o.h.c.annotations.SimpleValueBinder - Starting fillSimpleValue for gameId
14:46:58.655 [main] DEBUG o.h.c.annotations.SimpleValueBinder - Starting fillSimpleValue for state
14:46:58.655 [main] DEBUG o.h.c.annotations.SimpleValueBinder - Starting fillSimpleValue for moveId
14:46:58.655 [main] DEBUG o.h.c.annotations.SimpleValueBinder - Starting fillSimpleValue for moveEventType
14:46:58.657 [main] DEBUG org.hibernate.mapping.PrimaryKey - Forcing column [figure_type_id] to be non-null as it is part of the primary key for table [figure_type]
14:46:58.657 [main] DEBUG org.hibernate.mapping.PrimaryKey - Forcing column [game_id] to be non-null as it is part of the primary key for table [game]
14:46:58.657 [main] DEBUG org.hibernate.mapping.PrimaryKey - Forcing column [move_id] to be non-null as it is part of the primary key for table [move]
14:46:58.657 [main] DEBUG o.hibernate.cfg.CollectionSecondPass - Second pass for collection: com.tetris.db.entity.Game.figures
14:46:58.657 [main] DEBUG o.h.cfg.annotations.CollectionBinder - Binding as ManyToMany: com.tetris.db.entity.Game.figures
14:46:58.658 [main] DEBUG o.hibernate.cfg.CollectionSecondPass - Mapped collection key: game_id, element: figure_type_id
14:46:58.659 [main] DEBUG o.hibernate.cfg.CollectionSecondPass - Second pass for collection: com.tetris.db.entity.FigureType.games
14:46:58.659 [main] DEBUG o.h.cfg.annotations.CollectionBinder - Binding as ManyToMany: com.tetris.db.entity.FigureType.games
14:46:58.659 [main] DEBUG o.hibernate.cfg.CollectionSecondPass - Mapped collection key: figure_type_id, element: game_id
14:46:58.659 [main] DEBUG o.hibernate.cfg.CollectionSecondPass - Second pass for collection: com.tetris.db.entity.Game.moves
14:46:58.659 [main] DEBUG o.h.cfg.annotations.CollectionBinder - Binding a OneToMany: com.tetris.db.entity.Game.moves through a foreign key
14:46:58.659 [main] DEBUG o.h.cfg.annotations.CollectionBinder - Mapping collection: com.tetris.db.entity.Game.moves -> Move
14:46:58.659 [main] DEBUG o.h.cfg.annotations.TableBinder - Retrieving property com.tetris.db.entity.Move.game
14:46:58.660 [main] DEBUG o.hibernate.cfg.CollectionSecondPass - Mapped collection key: game_id, one-to-many: com.tetris.db.entity.Move
14:46:58.660 [main] DEBUG o.h.b.i.InFlightMetadataCollectorImpl - Resolving reference to class: com.tetris.db.entity.FigureType
14:46:58.661 [main] DEBUG o.h.b.i.InFlightMetadataCollectorImpl - Resolving reference to class: com.tetris.db.entity.Game
14:46:58.661 [main] DEBUG o.h.b.i.InFlightMetadataCollectorImpl - Resolving reference to class: com.tetris.db.entity.Game
14:46:58.662 [main] DEBUG o.h.b.i.InFlightMetadataCollectorImpl - Resolving reference to class: com.tetris.db.entity.FigureType
14:46:58.662 [main] DEBUG o.h.b.i.InFlightMetadataCollectorImpl - Resolving reference to class: com.tetris.db.entity.Game
14:46:58.662 [main] DEBUG o.h.b.i.InFlightMetadataCollectorImpl - Resolving reference to class: com.tetris.db.entity.Game
14:46:58.673 [main] DEBUG org.hibernate.type.EnumType - Using NAMED-based conversion for Enum com.tetris.game.handler.MoveEventType
14:46:58.674 [main] DEBUG org.hibernate.type.EnumType - Using NAMED-based conversion for Enum com.tetris.model.GameState
14:46:58.680 [main] DEBUG o.h.internal.SessionFactoryImpl - Building session factory
14:46:58.681 [main] DEBUG org.hibernate.cfg.Settings - SessionFactory name : null
14:46:58.681 [main] DEBUG org.hibernate.cfg.Settings - Automatic flush during beforeCompletion(): enabled
14:46:58.681 [main] DEBUG org.hibernate.cfg.Settings - Automatic session close at end of transaction: disabled
14:46:58.681 [main] DEBUG org.hibernate.cfg.Settings - Statistics: disabled
14:46:58.681 [main] DEBUG org.hibernate.cfg.Settings - Deleted entity synthetic identifier rollback: disabled
14:46:58.681 [main] DEBUG org.hibernate.cfg.Settings - Default entity-mode: pojo
14:46:58.681 [main] DEBUG org.hibernate.cfg.Settings - Check Nullability in Core (should be disabled when Bean Validation is on): enabled
14:46:58.681 [main] DEBUG org.hibernate.cfg.Settings - Allow initialization of lazy state outside session : disabled
14:46:58.681 [main] DEBUG org.hibernate.cfg.Settings - Using BatchFetchStyle : LEGACY
14:46:58.681 [main] DEBUG org.hibernate.cfg.Settings - Default batch fetch size: -1
14:46:58.681 [main] DEBUG org.hibernate.cfg.Settings - Maximum outer join fetch depth: null
14:46:58.681 [main] DEBUG org.hibernate.cfg.Settings - Default null ordering: NONE
14:46:58.681 [main] DEBUG org.hibernate.cfg.Settings - Order SQL updates by primary key: disabled
14:46:58.681 [main] DEBUG org.hibernate.cfg.Settings - Order SQL inserts for batching: disabled
14:46:58.681 [main] DEBUG org.hibernate.cfg.Settings - multi-tenancy strategy : NONE
14:46:58.681 [main] DEBUG org.hibernate.cfg.Settings - JTA Track by Thread: enabled
14:46:58.681 [main] DEBUG org.hibernate.cfg.Settings - Query language substitutions: {}
14:46:58.681 [main] DEBUG org.hibernate.cfg.Settings - Named query checking : enabled
14:46:58.682 [main] DEBUG org.hibernate.cfg.Settings - Second-level cache: disabled
14:46:58.682 [main] DEBUG org.hibernate.cfg.Settings - Second-level query cache: disabled
14:46:58.682 [main] DEBUG org.hibernate.cfg.Settings - Second-level query cache factory: null
14:46:58.682 [main] DEBUG org.hibernate.cfg.Settings - Second-level cache region prefix: null
14:46:58.682 [main] DEBUG org.hibernate.cfg.Settings - Optimize second-level cache for minimal puts: disabled
14:46:58.682 [main] DEBUG org.hibernate.cfg.Settings - Structured second-level cache entries: disabled
14:46:58.682 [main] DEBUG org.hibernate.cfg.Settings - Second-level cache direct-reference entries: disabled
14:46:58.682 [main] DEBUG org.hibernate.cfg.Settings - Automatic eviction of collection cache: disabled
14:46:58.682 [main] DEBUG org.hibernate.cfg.Settings - JDBC batch size: 15
14:46:58.682 [main] DEBUG org.hibernate.cfg.Settings - JDBC batch updates for versioned data: enabled
14:46:58.682 [main] DEBUG org.hibernate.cfg.Settings - Scrollable result sets: enabled
14:46:58.682 [main] DEBUG org.hibernate.cfg.Settings - Wrap result sets: disabled
14:46:58.682 [main] DEBUG org.hibernate.cfg.Settings - JDBC3 getGeneratedKeys(): disabled
14:46:58.682 [main] DEBUG org.hibernate.cfg.Settings - JDBC result set fetch size: null
14:46:58.682 [main] DEBUG org.hibernate.cfg.Settings - Connection release mode: AFTER_TRANSACTION
14:46:58.682 [main] DEBUG org.hibernate.cfg.Settings - Generate SQL with comments: disabled
14:46:58.682 [main] DEBUG org.hibernate.cfg.Settings - JPA compliance - query : 
14:46:58.682 [main] DEBUG org.hibernate.cfg.Settings - JPA compliance - closed-handling : 
14:46:58.682 [main] DEBUG org.hibernate.cfg.Settings - JPA compliance - lists : 
14:46:58.682 [main] DEBUG org.hibernate.cfg.Settings - JPA compliance - transactions : 
14:46:58.706 [main] DEBUG org.hibernate.type.EnumType - Using NAMED-based conversion for Enum com.tetris.game.handler.MoveEventType
14:46:58.707 [main] DEBUG org.hibernate.type.EnumType - Using NAMED-based conversion for Enum com.tetris.model.GameState
14:46:58.713 [main] DEBUG o.h.internal.SessionFactoryImpl - Session factory constructed with filter configurations : {}
14:46:58.713 [main] DEBUG o.h.internal.SessionFactoryImpl - Instantiating session factory with properties: {sun.desktop=gnome, awt.toolkit=sun.awt.X11.XToolkit, java.specification.version=11, sun.cpu.isalist=, sun.jnu.encoding=UTF-8, hibernate.dialect=org.hibernate.dialect.PostgreSQL9Dialect, java.class.path=/home/nikita/myProjetcts/tetris/target/classes:/home/nikita/.m2/repository/ch/qos/logback/logback-core/1.2.3/logback-core-1.2.3.jar:/home/nikita/.m2/repository/org/slf4j/slf4j-api/1.7.29/slf4j-api-1.7.29.jar:/home/nikita/.m2/repository/ch/qos/logback/logback-classic/1.2.3/logback-classic-1.2.3.jar:/home/nikita/.m2/repository/postgresql/postgresql/9.1-901-1.jdbc4/postgresql-9.1-901-1.jdbc4.jar:/home/nikita/.m2/repository/org/hibernate/hibernate-entitymanager/5.4.1.Final/hibernate-entitymanager-5.4.1.Final.jar:/home/nikita/.m2/repository/org/jboss/logging/jboss-logging/3.3.2.Final/jboss-logging-3.3.2.Final.jar:/home/nikita/.m2/repository/org/dom4j/dom4j/2.1.1/dom4j-2.1.1.jar:/home/nikita/.m2/repository/org/hibernate/common/hibernate-commons-annotations/5.1.0.Final/hibernate-commons-annotations-5.1.0.Final.jar:/home/nikita/.m2/repository/javax/persistence/javax.persistence-api/2.2/javax.persistence-api-2.2.jar:/home/nikita/.m2/repository/net/bytebuddy/byte-buddy/1.9.5/byte-buddy-1.9.5.jar:/home/nikita/.m2/repository/org/jboss/spec/javax/transaction/jboss-transaction-api_1.2_spec/1.1.1.Final/jboss-transaction-api_1.2_spec-1.1.1.Final.jar:/home/nikita/.m2/repository/org/hibernate/hibernate-core/5.4.1.Final/hibernate-core-5.4.1.Final.jar:/home/nikita/.m2/repository/org/javassist/javassist/3.24.0-GA/javassist-3.24.0-GA.jar:/home/nikita/.m2/repository/antlr/antlr/2.7.7/antlr-2.7.7.jar:/home/nikita/.m2/repository/org/jboss/jandex/2.0.5.Final/jandex-2.0.5.Final.jar:/home/nikita/.m2/repository/com/fasterxml/classmate/1.3.4/classmate-1.3.4.jar:/home/nikita/.m2/repository/javax/activation/javax.activation-api/1.2.0/javax.activation-api-1.2.0.jar:/home/nikita/.m2/repository/javax/xml/bind/jaxb-api/2.3.1/jaxb-api-2.3.1.jar:/home/nikita/.m2/repository/org/glassfish/jaxb/jaxb-runtime/2.3.1/jaxb-runtime-2.3.1.jar:/home/nikita/.m2/repository/org/glassfish/jaxb/txw2/2.3.1/txw2-2.3.1.jar:/home/nikita/.m2/repository/com/sun/istack/istack-commons-runtime/3.0.7/istack-commons-runtime-3.0.7.jar:/home/nikita/.m2/repository/org/jvnet/staxex/stax-ex/1.8/stax-ex-1.8.jar:/home/nikita/.m2/repository/com/sun/xml/fastinfoset/FastInfoset/1.2.15/FastInfoset-1.2.15.jar:/home/nikita/.m2/repository/com/fasterxml/jackson/core/jackson-databind/2.9.8/jackson-databind-2.9.8.jar:/home/nikita/.m2/repository/com/fasterxml/jackson/core/jackson-annotations/2.9.0/jackson-annotations-2.9.0.jar:/home/nikita/.m2/repository/com/fasterxml/jackson/core/jackson-core/2.9.8/jackson-core-2.9.8.jar, java.vm.vendor=JetBrains s.r.o, sun.arch.data.model=64, java.vendor.url=https://www.jetbrains.com/, user.timezone=Europe/Kiev, os.name=Linux, java.vm.specification.version=11, sun.java.launcher=SUN_STANDARD, user.country=UA, sun.boot.library.path=/snap/intellij-idea-community/202/jbr/lib, sun.java.command=com.tetris.db.repositories.impl.FigureRepository, jdk.debug=release, sun.cpu.endian=little, user.home=/home/nikita, user.language=ru, java.specification.vendor=Oracle Corporation, java.version.date=2019-10-15, java.home=/snap/intellij-idea-community/202/jbr, file.separator=/, java.vm.compressedOopsMode=Zero based, line.separator=
, java.specification.name=Java Platform API Specification, java.vm.specification.vendor=Oracle Corporation, java.awt.graphicsenv=sun.awt.X11GraphicsEnvironment, sun.management.compiler=HotSpot 64-Bit Tiered Compilers, java.runtime.version=11.0.5+10-b520.30, user.name=nikita, path.separator=:, hibernate.connection.username=****, os.version=5.0.0-38-generic, java.runtime.name=OpenJDK Runtime Environment, hibernate.connection.url=jdbc:postgresql://localhost:5432/tetris_dbh, file.encoding=UTF-8, java.vm.name=OpenJDK 64-Bit Server VM, hibernate.show_sql=true, hibernate.current_session_context_class=thread, hibernate.connection.driver_class=org.postgresql.Driver, java.vendor.url.bug=https://youtrack.jetbrains.com, java.io.tmpdir=/tmp, java.version=11.0.5, user.dir=/home/nikita/myProjetcts/tetris, os.arch=amd64, java.vm.specification.name=Java Virtual Machine Specification, java.awt.printerjob=sun.print.PSPrinterJob, hibernate.connection.password=****, sun.os.patch.level=unknown, hibernate.boot.CfgXmlAccessService.key=org.hibernate.boot.cfgxml.spi.LoadedConfig@64469d8, java.library.path=/usr/java/packages/lib:/usr/lib64:/lib64:/lib:/usr/lib, java.vendor=JetBrains s.r.o, java.vm.info=mixed mode, java.vm.version=11.0.5+10-b520.30, hibernate.bytecode.use_reflection_optimizer=false, sun.io.unicode.encoding=UnicodeLittle, java.class.version=55.0}
14:46:58.720 [main] DEBUG o.h.secure.spi.JaccIntegrator - Skipping JACC integration as it was not enabled
14:46:58.721 [main] DEBUG o.h.internal.SessionFactoryImpl - Instantiated session factory
14:46:58.721 [main] DEBUG o.h.type.spi.TypeConfiguration$Scope - Scoping TypeConfiguration [org.hibernate.type.spi.TypeConfiguration@388b401d] to SessionFactoryImpl [org.hibernate.internal.SessionFactoryImpl@72825400]
14:46:58.745 [main] DEBUG o.h.b.internal.ClassLoaderAccessImpl - Not known whether passed class name [com.tetris.db.entity.FigureType] is safe
14:46:58.745 [main] DEBUG o.h.b.internal.ClassLoaderAccessImpl - No temp ClassLoader provided; using live ClassLoader for loading potentially unsafe class : com.tetris.db.entity.FigureType
14:46:58.753 [main] DEBUG o.h.b.internal.ClassLoaderAccessImpl - Not known whether passed class name [com.tetris.db.entity.FigureType] is safe
14:46:58.753 [main] DEBUG o.h.b.internal.ClassLoaderAccessImpl - No temp ClassLoader provided; using live ClassLoader for loading potentially unsafe class : com.tetris.db.entity.FigureType
14:46:58.851 [main] DEBUG o.h.b.internal.ClassLoaderAccessImpl - Not known whether passed class name [com.tetris.db.entity.Move] is safe
14:46:58.851 [main] DEBUG o.h.b.internal.ClassLoaderAccessImpl - No temp ClassLoader provided; using live ClassLoader for loading potentially unsafe class : com.tetris.db.entity.Move
14:46:58.851 [main] DEBUG org.hibernate.type.EnumType - Using NAMED-based conversion for Enum com.tetris.game.handler.MoveEventType
14:46:58.851 [main] DEBUG org.hibernate.type.EnumType - Using NAMED-based conversion for Enum com.tetris.game.handler.MoveEventType
14:46:58.851 [main] DEBUG o.h.b.internal.ClassLoaderAccessImpl - Not known whether passed class name [com.tetris.db.entity.Move] is safe
14:46:58.851 [main] DEBUG o.h.b.internal.ClassLoaderAccessImpl - No temp ClassLoader provided; using live ClassLoader for loading potentially unsafe class : com.tetris.db.entity.Move
14:46:58.860 [main] DEBUG org.hibernate.type.EnumType - Using NAMED-based conversion for Enum com.tetris.game.handler.MoveEventType
14:46:58.860 [main] DEBUG org.hibernate.type.EnumType - Using NAMED-based conversion for Enum com.tetris.game.handler.MoveEventType
14:46:58.861 [main] DEBUG o.h.b.internal.ClassLoaderAccessImpl - Not known whether passed class name [com.tetris.db.entity.Game] is safe
14:46:58.861 [main] DEBUG o.h.b.internal.ClassLoaderAccessImpl - No temp ClassLoader provided; using live ClassLoader for loading potentially unsafe class : com.tetris.db.entity.Game
14:46:58.861 [main] DEBUG org.hibernate.type.EnumType - Using NAMED-based conversion for Enum com.tetris.model.GameState
14:46:58.861 [main] DEBUG org.hibernate.type.EnumType - Using NAMED-based conversion for Enum com.tetris.model.GameState
14:46:58.861 [main] DEBUG o.h.b.internal.ClassLoaderAccessImpl - Not known whether passed class name [com.tetris.db.entity.Game] is safe
14:46:58.861 [main] DEBUG o.h.b.internal.ClassLoaderAccessImpl - No temp ClassLoader provided; using live ClassLoader for loading potentially unsafe class : com.tetris.db.entity.Game
14:46:58.870 [main] DEBUG org.hibernate.type.EnumType - Using NAMED-based conversion for Enum com.tetris.model.GameState
14:46:58.871 [main] DEBUG org.hibernate.type.EnumType - Using NAMED-based conversion for Enum com.tetris.model.GameState
14:46:58.875 [main] DEBUG o.h.p.c.AbstractCollectionPersister - Static SQL for collection: com.tetris.db.entity.Game.moves
14:46:58.875 [main] DEBUG o.h.p.c.AbstractCollectionPersister -  Row insert: update Move set game_id=? where move_id=?
14:46:58.875 [main] DEBUG o.h.p.c.AbstractCollectionPersister -  Row update: update Move set  where move_id=?
14:46:58.875 [main] DEBUG o.h.p.c.AbstractCollectionPersister -  Row delete: update Move set game_id=null where game_id=? and move_id=?
14:46:58.875 [main] DEBUG o.h.p.c.AbstractCollectionPersister -  One-shot delete: update Move set game_id=null where game_id=?
14:46:58.876 [main] DEBUG o.h.p.c.AbstractCollectionPersister - Static SQL for collection: com.tetris.db.entity.FigureType.games
14:46:58.877 [main] DEBUG o.h.p.c.AbstractCollectionPersister -  Row insert: insert into figure (figure_type_id, game_id) values (?, ?)
14:46:58.877 [main] DEBUG o.h.p.c.AbstractCollectionPersister -  Row update: update figure set game_id=? where figure_type_id=? and game_id=?
14:46:58.877 [main] DEBUG o.h.p.c.AbstractCollectionPersister -  Row delete: delete from figure where figure_type_id=? and game_id=?
14:46:58.877 [main] DEBUG o.h.p.c.AbstractCollectionPersister -  One-shot delete: delete from figure where figure_type_id=?
14:46:58.877 [main] DEBUG o.h.p.c.AbstractCollectionPersister - Static SQL for collection: com.tetris.db.entity.Game.figures
14:46:58.877 [main] DEBUG o.h.p.c.AbstractCollectionPersister -  Row insert: insert into figure (game_id, figure_type_id) values (?, ?)
14:46:58.877 [main] DEBUG o.h.p.c.AbstractCollectionPersister -  Row update: update figure set figure_type_id=? where game_id=? and figure_type_id=?
14:46:58.877 [main] DEBUG o.h.p.c.AbstractCollectionPersister -  Row delete: delete from figure where game_id=? and figure_type_id=?
14:46:58.877 [main] DEBUG o.h.p.c.AbstractCollectionPersister -  One-shot delete: delete from figure where game_id=?
14:46:58.879 [main] DEBUG o.h.p.entity.AbstractEntityPersister - Static SQL for entity: com.tetris.db.entity.FigureType
14:46:58.879 [main] DEBUG o.h.p.entity.AbstractEntityPersister -  Version select: select figure_type_id from figure_type where figure_type_id =?
14:46:58.879 [main] DEBUG o.h.p.entity.AbstractEntityPersister -  Snapshot select: select figuretype_.figure_type_id, figuretype_.figure_structure as figure_s2_1_ from figure_type figuretype_ where figuretype_.figure_type_id=?
14:46:58.879 [main] DEBUG o.h.p.entity.AbstractEntityPersister -  Insert 0: insert into figure_type (figure_structure, figure_type_id) values (?, ?)
14:46:58.879 [main] DEBUG o.h.p.entity.AbstractEntityPersister -  Update 0: update figure_type set figure_structure=? where figure_type_id=?
14:46:58.880 [main] DEBUG o.h.p.entity.AbstractEntityPersister -  Delete 0: delete from figure_type where figure_type_id=?
14:46:58.880 [main] DEBUG o.h.p.entity.AbstractEntityPersister -  Identity insert: insert into figure_type (figure_structure) values (?)
14:46:58.889 [main] DEBUG o.h.l.p.b.i.spaces.QuerySpacesImpl - Adding QuerySpace : uid = <gen:0> -> org.hibernate.loader.plan.build.internal.spaces.EntityQuerySpaceImpl@286090c]
14:46:58.889 [main] DEBUG o.h.p.w.spi.MetamodelGraphWalker - Visiting attribute path : figureStructure
14:46:58.889 [main] DEBUG o.h.p.w.spi.MetamodelGraphWalker - Visiting attribute path : games
14:46:58.891 [main] DEBUG o.h.l.p.b.i.spaces.QuerySpacesImpl - Adding QuerySpace : uid = <gen:1> -> org.hibernate.loader.plan.build.internal.spaces.CollectionQuerySpaceImpl@2e86807a]
14:46:58.892 [main] DEBUG o.h.l.p.b.i.spaces.QuerySpacesImpl - Adding QuerySpace : uid = <gen:2> -> org.hibernate.loader.plan.build.internal.spaces.EntityQuerySpaceImpl@3c6c4689]
14:46:58.892 [main] DEBUG o.h.l.p.b.i.FetchStyleLoadPlanBuildingAssociationVisitationStrategy - Building LoadPlan...
14:46:58.898 [main] DEBUG o.h.l.p.e.i.LoadQueryJoinAndFetchProcessor - processing queryspace <gen:0>
14:46:58.900 [main] DEBUG o.h.l.p.b.spi.LoadPlanTreePrinter - LoadPlan(entity=com.tetris.db.entity.FigureType)
    - Returns
       - EntityReturnImpl(entity=com.tetris.db.entity.FigureType, querySpaceUid=<gen:0>, path=com.tetris.db.entity.FigureType)
          - CollectionAttributeFetchImpl(collection=com.tetris.db.entity.FigureType.games, querySpaceUid=<gen:1>, path=com.tetris.db.entity.FigureType.games)
             - (collection element) CollectionFetchableElementEntityGraph(entity=com.tetris.db.entity.Game, querySpaceUid=<gen:2>, path=com.tetris.db.entity.FigureType.games.<elements>)
    - QuerySpaces
       - EntityQuerySpaceImpl(uid=<gen:0>, entity=com.tetris.db.entity.FigureType)
          - SQL table alias mapping - figuretype0_
          - alias suffix - 0_
          - suffixed key columns - {figure_t1_1_0_}

14:46:58.901 [main] DEBUG o.h.loader.entity.plan.EntityLoader - Static select for entity com.tetris.db.entity.FigureType [NONE]: select figuretype0_.figure_type_id as figure_t1_1_0_, figuretype0_.figure_structure as figure_s2_1_0_ from figure_type figuretype0_ where figuretype0_.figure_type_id=?
14:46:58.901 [main] DEBUG o.h.l.p.b.i.spaces.QuerySpacesImpl - Adding QuerySpace : uid = <gen:0> -> org.hibernate.loader.plan.build.internal.spaces.EntityQuerySpaceImpl@33a55bd8]
14:46:58.901 [main] DEBUG o.h.p.w.spi.MetamodelGraphWalker - Visiting attribute path : figureStructure
14:46:58.901 [main] DEBUG o.h.p.w.spi.MetamodelGraphWalker - Visiting attribute path : games
14:46:58.901 [main] DEBUG o.h.l.p.b.i.spaces.QuerySpacesImpl - Adding QuerySpace : uid = <gen:1> -> org.hibernate.loader.plan.build.internal.spaces.CollectionQuerySpaceImpl@1a1cc163]
14:46:58.901 [main] DEBUG o.h.l.p.b.i.spaces.QuerySpacesImpl - Adding QuerySpace : uid = <gen:2> -> org.hibernate.loader.plan.build.internal.spaces.EntityQuerySpaceImpl@5b5ac798]
14:46:58.901 [main] DEBUG o.h.l.p.b.i.FetchStyleLoadPlanBuildingAssociationVisitationStrategy - Building LoadPlan...
14:46:58.901 [main] DEBUG o.h.l.p.e.i.LoadQueryJoinAndFetchProcessor - processing queryspace <gen:0>
14:46:58.901 [main] DEBUG o.h.l.p.b.spi.LoadPlanTreePrinter - LoadPlan(entity=com.tetris.db.entity.FigureType)
    - Returns
       - EntityReturnImpl(entity=com.tetris.db.entity.FigureType, querySpaceUid=<gen:0>, path=com.tetris.db.entity.FigureType)
          - CollectionAttributeFetchImpl(collection=com.tetris.db.entity.FigureType.games, querySpaceUid=<gen:1>, path=com.tetris.db.entity.FigureType.games)
             - (collection element) CollectionFetchableElementEntityGraph(entity=com.tetris.db.entity.Game, querySpaceUid=<gen:2>, path=com.tetris.db.entity.FigureType.games.<elements>)
    - QuerySpaces
       - EntityQuerySpaceImpl(uid=<gen:0>, entity=com.tetris.db.entity.FigureType)
          - SQL table alias mapping - figuretype0_
          - alias suffix - 0_
          - suffixed key columns - {figure_t1_1_0_}

14:46:58.901 [main] DEBUG o.h.loader.entity.plan.EntityLoader - Static select for entity com.tetris.db.entity.FigureType [READ]: select figuretype0_.figure_type_id as figure_t1_1_0_, figuretype0_.figure_structure as figure_s2_1_0_ from figure_type figuretype0_ where figuretype0_.figure_type_id=?
14:46:58.908 [main] DEBUG org.hibernate.loader.Loader - Static select for action ACTION_MERGE on entity com.tetris.db.entity.FigureType: select figuretype0_.figure_type_id as figure_t1_1_1_, figuretype0_.figure_structure as figure_s2_1_1_, games1_.figure_type_id as figure_t2_0_3_, game2_.game_id as game_id1_0_3_, game2_.game_id as game_id1_2_0_, game2_.state as state2_2_0_ from figure_type figuretype0_ left outer join figure games1_ on figuretype0_.figure_type_id=games1_.figure_type_id left outer join Game game2_ on games1_.game_id=game2_.game_id where figuretype0_.figure_type_id=?
14:46:58.909 [main] DEBUG org.hibernate.loader.Loader - Static select for action ACTION_REFRESH on entity com.tetris.db.entity.FigureType: select figuretype0_.figure_type_id as figure_t1_1_1_, figuretype0_.figure_structure as figure_s2_1_1_, games1_.figure_type_id as figure_t2_0_3_, game2_.game_id as game_id1_0_3_, game2_.game_id as game_id1_2_0_, game2_.state as state2_2_0_ from figure_type figuretype0_ left outer join figure games1_ on figuretype0_.figure_type_id=games1_.figure_type_id left outer join Game game2_ on games1_.game_id=game2_.game_id where figuretype0_.figure_type_id=?
14:46:58.909 [main] DEBUG o.h.p.entity.AbstractEntityPersister - Static SQL for entity: com.tetris.db.entity.Move
14:46:58.909 [main] DEBUG o.h.p.entity.AbstractEntityPersister -  Version select: select move_id from Move where move_id =?
14:46:58.909 [main] DEBUG o.h.p.entity.AbstractEntityPersister -  Snapshot select: select move_.move_id, move_.game_id as game_id3_3_, move_.move_event_type as move_eve2_3_ from Move move_ where move_.move_id=?
14:46:58.909 [main] DEBUG o.h.p.entity.AbstractEntityPersister -  Insert 0: insert into Move (game_id, move_event_type, move_id) values (?, ?, ?)
14:46:58.909 [main] DEBUG o.h.p.entity.AbstractEntityPersister -  Update 0: update Move set game_id=?, move_event_type=? where move_id=?
14:46:58.909 [main] DEBUG o.h.p.entity.AbstractEntityPersister -  Delete 0: delete from Move where move_id=?
14:46:58.909 [main] DEBUG o.h.p.entity.AbstractEntityPersister -  Identity insert: insert into Move (game_id, move_event_type) values (?, ?)
14:46:58.909 [main] DEBUG o.h.l.p.b.i.spaces.QuerySpacesImpl - Adding QuerySpace : uid = <gen:0> -> org.hibernate.loader.plan.build.internal.spaces.EntityQuerySpaceImpl@3bf54172]
14:46:58.909 [main] DEBUG o.h.p.w.spi.MetamodelGraphWalker - Visiting attribute path : game
14:46:58.909 [main] DEBUG o.h.l.p.b.i.spaces.QuerySpacesImpl - Adding QuerySpace : uid = <gen:1> -> org.hibernate.loader.plan.build.internal.spaces.EntityQuerySpaceImpl@7b3cde6f]
14:46:58.910 [main] DEBUG o.h.p.w.spi.MetamodelGraphWalker - Visiting attribute path : moveEventType
14:46:58.910 [main] DEBUG o.h.l.p.b.i.FetchStyleLoadPlanBuildingAssociationVisitationStrategy - Building LoadPlan...
14:46:58.910 [main] DEBUG o.h.l.p.e.i.LoadQueryJoinAndFetchProcessor - processing queryspace <gen:0>
14:46:58.910 [main] DEBUG o.h.l.p.b.spi.LoadPlanTreePrinter - LoadPlan(entity=com.tetris.db.entity.Move)
    - Returns
       - EntityReturnImpl(entity=com.tetris.db.entity.Move, querySpaceUid=<gen:0>, path=com.tetris.db.entity.Move)
          - EntityAttributeFetchImpl(entity=com.tetris.db.entity.Game, querySpaceUid=<gen:1>, path=com.tetris.db.entity.Move.game)
    - QuerySpaces
       - EntityQuerySpaceImpl(uid=<gen:0>, entity=com.tetris.db.entity.Move)
          - SQL table alias mapping - move0_
          - alias suffix - 0_
          - suffixed key columns - {move_id1_3_0_}

14:46:58.910 [main] DEBUG o.h.loader.entity.plan.EntityLoader - Static select for entity com.tetris.db.entity.Move [NONE]: select move0_.move_id as move_id1_3_0_, move0_.game_id as game_id3_3_0_, move0_.move_event_type as move_eve2_3_0_ from Move move0_ where move0_.move_id=?
14:46:58.910 [main] DEBUG o.h.l.p.b.i.spaces.QuerySpacesImpl - Adding QuerySpace : uid = <gen:0> -> org.hibernate.loader.plan.build.internal.spaces.EntityQuerySpaceImpl@3ba0ae41]
14:46:58.910 [main] DEBUG o.h.p.w.spi.MetamodelGraphWalker - Visiting attribute path : game
14:46:58.910 [main] DEBUG o.h.l.p.b.i.spaces.QuerySpacesImpl - Adding QuerySpace : uid = <gen:1> -> org.hibernate.loader.plan.build.internal.spaces.EntityQuerySpaceImpl@2ffb3aec]
14:46:58.910 [main] DEBUG o.h.p.w.spi.MetamodelGraphWalker - Visiting attribute path : moveEventType
14:46:58.910 [main] DEBUG o.h.l.p.b.i.FetchStyleLoadPlanBuildingAssociationVisitationStrategy - Building LoadPlan...
14:46:58.910 [main] DEBUG o.h.l.p.e.i.LoadQueryJoinAndFetchProcessor - processing queryspace <gen:0>
14:46:58.910 [main] DEBUG o.h.l.p.b.spi.LoadPlanTreePrinter - LoadPlan(entity=com.tetris.db.entity.Move)
    - Returns
       - EntityReturnImpl(entity=com.tetris.db.entity.Move, querySpaceUid=<gen:0>, path=com.tetris.db.entity.Move)
          - EntityAttributeFetchImpl(entity=com.tetris.db.entity.Game, querySpaceUid=<gen:1>, path=com.tetris.db.entity.Move.game)
    - QuerySpaces
       - EntityQuerySpaceImpl(uid=<gen:0>, entity=com.tetris.db.entity.Move)
          - SQL table alias mapping - move0_
          - alias suffix - 0_
          - suffixed key columns - {move_id1_3_0_}

14:46:58.911 [main] DEBUG o.h.loader.entity.plan.EntityLoader - Static select for entity com.tetris.db.entity.Move [READ]: select move0_.move_id as move_id1_3_0_, move0_.game_id as game_id3_3_0_, move0_.move_event_type as move_eve2_3_0_ from Move move0_ where move0_.move_id=?
14:46:58.911 [main] DEBUG org.hibernate.loader.Loader - Static select for action ACTION_MERGE on entity com.tetris.db.entity.Move: select move0_.move_id as move_id1_3_0_, move0_.game_id as game_id3_3_0_, move0_.move_event_type as move_eve2_3_0_ from Move move0_ where move0_.move_id=?
14:46:58.911 [main] DEBUG org.hibernate.loader.Loader - Static select for action ACTION_REFRESH on entity com.tetris.db.entity.Move: select move0_.move_id as move_id1_3_0_, move0_.game_id as game_id3_3_0_, move0_.move_event_type as move_eve2_3_0_ from Move move0_ where move0_.move_id=?
14:46:58.911 [main] DEBUG o.h.p.entity.AbstractEntityPersister - Static SQL for entity: com.tetris.db.entity.Game
14:46:58.911 [main] DEBUG o.h.p.entity.AbstractEntityPersister -  Version select: select game_id from Game where game_id =?
14:46:58.911 [main] DEBUG o.h.p.entity.AbstractEntityPersister -  Snapshot select: select game_.game_id, game_.state as state2_2_ from Game game_ where game_.game_id=?
14:46:58.911 [main] DEBUG o.h.p.entity.AbstractEntityPersister -  Insert 0: insert into Game (state, game_id) values (?, ?)
14:46:58.911 [main] DEBUG o.h.p.entity.AbstractEntityPersister -  Update 0: update Game set state=? where game_id=?
14:46:58.911 [main] DEBUG o.h.p.entity.AbstractEntityPersister -  Delete 0: delete from Game where game_id=?
14:46:58.911 [main] DEBUG o.h.p.entity.AbstractEntityPersister -  Identity insert: insert into Game (state) values (?)
14:46:58.911 [main] DEBUG o.h.l.p.b.i.spaces.QuerySpacesImpl - Adding QuerySpace : uid = <gen:0> -> org.hibernate.loader.plan.build.internal.spaces.EntityQuerySpaceImpl@786ff1cb]
14:46:58.911 [main] DEBUG o.h.p.w.spi.MetamodelGraphWalker - Visiting attribute path : figures
14:46:58.911 [main] DEBUG o.h.l.p.b.i.spaces.QuerySpacesImpl - Adding QuerySpace : uid = <gen:1> -> org.hibernate.loader.plan.build.internal.spaces.CollectionQuerySpaceImpl@431e86b1]
14:46:58.911 [main] DEBUG o.h.l.p.b.i.spaces.QuerySpacesImpl - Adding QuerySpace : uid = <gen:2> -> org.hibernate.loader.plan.build.internal.spaces.EntityQuerySpaceImpl@35c4e864]
14:46:58.911 [main] DEBUG o.h.p.w.spi.MetamodelGraphWalker - Visiting attribute path : moves
14:46:58.911 [main] DEBUG o.h.l.p.b.i.spaces.QuerySpacesImpl - Adding QuerySpace : uid = <gen:3> -> org.hibernate.loader.plan.build.internal.spaces.CollectionQuerySpaceImpl@32a2a6be]
14:46:58.911 [main] DEBUG o.h.l.p.b.i.spaces.QuerySpacesImpl - Adding QuerySpace : uid = <gen:4> -> org.hibernate.loader.plan.build.internal.spaces.EntityQuerySpaceImpl@682af059]
14:46:58.911 [main] DEBUG o.h.p.w.spi.MetamodelGraphWalker - Visiting attribute path : state
14:46:58.912 [main] DEBUG o.h.l.p.b.i.FetchStyleLoadPlanBuildingAssociationVisitationStrategy - Building LoadPlan...
14:46:58.912 [main] DEBUG o.h.l.p.e.i.LoadQueryJoinAndFetchProcessor - processing queryspace <gen:0>
14:46:58.912 [main] DEBUG o.h.l.p.b.spi.LoadPlanTreePrinter - LoadPlan(entity=com.tetris.db.entity.Game)
    - Returns
       - EntityReturnImpl(entity=com.tetris.db.entity.Game, querySpaceUid=<gen:0>, path=com.tetris.db.entity.Game)
          - CollectionAttributeFetchImpl(collection=com.tetris.db.entity.Game.figures, querySpaceUid=<gen:1>, path=com.tetris.db.entity.Game.figures)
             - (collection element) CollectionFetchableElementEntityGraph(entity=com.tetris.db.entity.FigureType, querySpaceUid=<gen:2>, path=com.tetris.db.entity.Game.figures.<elements>)
          - CollectionAttributeFetchImpl(collection=com.tetris.db.entity.Game.moves, querySpaceUid=<gen:3>, path=com.tetris.db.entity.Game.moves)
             - (collection element) CollectionFetchableElementEntityGraph(entity=com.tetris.db.entity.Move, querySpaceUid=<gen:4>, path=com.tetris.db.entity.Game.moves.<elements>)
    - QuerySpaces
       - EntityQuerySpaceImpl(uid=<gen:0>, entity=com.tetris.db.entity.Game)
          - SQL table alias mapping - game0_
          - alias suffix - 0_
          - suffixed key columns - {game_id1_2_0_}

14:46:58.912 [main] DEBUG o.h.loader.entity.plan.EntityLoader - Static select for entity com.tetris.db.entity.Game [NONE]: select game0_.game_id as game_id1_2_0_, game0_.state as state2_2_0_ from Game game0_ where game0_.game_id=?
14:46:58.912 [main] DEBUG o.h.l.p.b.i.spaces.QuerySpacesImpl - Adding QuerySpace : uid = <gen:0> -> org.hibernate.loader.plan.build.internal.spaces.EntityQuerySpaceImpl@5f36c8e3]
14:46:58.912 [main] DEBUG o.h.p.w.spi.MetamodelGraphWalker - Visiting attribute path : figures
14:46:58.912 [main] DEBUG o.h.l.p.b.i.spaces.QuerySpacesImpl - Adding QuerySpace : uid = <gen:1> -> org.hibernate.loader.plan.build.internal.spaces.CollectionQuerySpaceImpl@6a9344f5]
14:46:58.912 [main] DEBUG o.h.l.p.b.i.spaces.QuerySpacesImpl - Adding QuerySpace : uid = <gen:2> -> org.hibernate.loader.plan.build.internal.spaces.EntityQuerySpaceImpl@5584d9c6]
14:46:58.912 [main] DEBUG o.h.p.w.spi.MetamodelGraphWalker - Visiting attribute path : moves
14:46:58.912 [main] DEBUG o.h.l.p.b.i.spaces.QuerySpacesImpl - Adding QuerySpace : uid = <gen:3> -> org.hibernate.loader.plan.build.internal.spaces.CollectionQuerySpaceImpl@3c9c6245]
14:46:58.912 [main] DEBUG o.h.l.p.b.i.spaces.QuerySpacesImpl - Adding QuerySpace : uid = <gen:4> -> org.hibernate.loader.plan.build.internal.spaces.EntityQuerySpaceImpl@6d0be7ab]
14:46:58.912 [main] DEBUG o.h.p.w.spi.MetamodelGraphWalker - Visiting attribute path : state
14:46:58.912 [main] DEBUG o.h.l.p.b.i.FetchStyleLoadPlanBuildingAssociationVisitationStrategy - Building LoadPlan...
14:46:58.912 [main] DEBUG o.h.l.p.e.i.LoadQueryJoinAndFetchProcessor - processing queryspace <gen:0>
14:46:58.913 [main] DEBUG o.h.l.p.b.spi.LoadPlanTreePrinter - LoadPlan(entity=com.tetris.db.entity.Game)
    - Returns
       - EntityReturnImpl(entity=com.tetris.db.entity.Game, querySpaceUid=<gen:0>, path=com.tetris.db.entity.Game)
          - CollectionAttributeFetchImpl(collection=com.tetris.db.entity.Game.figures, querySpaceUid=<gen:1>, path=com.tetris.db.entity.Game.figures)
             - (collection element) CollectionFetchableElementEntityGraph(entity=com.tetris.db.entity.FigureType, querySpaceUid=<gen:2>, path=com.tetris.db.entity.Game.figures.<elements>)
          - CollectionAttributeFetchImpl(collection=com.tetris.db.entity.Game.moves, querySpaceUid=<gen:3>, path=com.tetris.db.entity.Game.moves)
             - (collection element) CollectionFetchableElementEntityGraph(entity=com.tetris.db.entity.Move, querySpaceUid=<gen:4>, path=com.tetris.db.entity.Game.moves.<elements>)
    - QuerySpaces
       - EntityQuerySpaceImpl(uid=<gen:0>, entity=com.tetris.db.entity.Game)
          - SQL table alias mapping - game0_
          - alias suffix - 0_
          - suffixed key columns - {game_id1_2_0_}

14:46:58.913 [main] DEBUG o.h.loader.entity.plan.EntityLoader - Static select for entity com.tetris.db.entity.Game [READ]: select game0_.game_id as game_id1_2_0_, game0_.state as state2_2_0_ from Game game0_ where game0_.game_id=?
14:46:58.913 [main] DEBUG org.hibernate.loader.Loader - Static select for action ACTION_MERGE on entity com.tetris.db.entity.Game: select game0_.game_id as game_id1_2_1_, game0_.state as state2_2_1_, figures1_.game_id as game_id1_0_3_, figuretype2_.figure_type_id as figure_t2_0_3_, figuretype2_.figure_type_id as figure_t1_1_0_, figuretype2_.figure_structure as figure_s2_1_0_ from Game game0_ left outer join figure figures1_ on game0_.game_id=figures1_.game_id left outer join figure_type figuretype2_ on figures1_.figure_type_id=figuretype2_.figure_type_id where game0_.game_id=?
14:46:58.913 [main] DEBUG org.hibernate.loader.Loader - Static select for action ACTION_REFRESH on entity com.tetris.db.entity.Game: select game0_.game_id as game_id1_2_1_, game0_.state as state2_2_1_, figures1_.game_id as game_id1_0_3_, figuretype2_.figure_type_id as figure_t2_0_3_, figuretype2_.figure_type_id as figure_t1_1_0_, figuretype2_.figure_structure as figure_s2_1_0_ from Game game0_ left outer join figure figures1_ on game0_.game_id=figures1_.game_id left outer join figure_type figuretype2_ on figures1_.figure_type_id=figuretype2_.figure_type_id where game0_.game_id=?
14:46:58.915 [main] DEBUG o.h.l.p.b.i.spaces.QuerySpacesImpl - Adding QuerySpace : uid = <gen:0> -> org.hibernate.loader.plan.build.internal.spaces.CollectionQuerySpaceImpl@276cc8dc]
14:46:58.915 [main] DEBUG o.h.l.p.b.i.spaces.QuerySpacesImpl - Adding QuerySpace : uid = <gen:1> -> org.hibernate.loader.plan.build.internal.spaces.EntityQuerySpaceImpl@66cd621b]
14:46:58.916 [main] DEBUG o.h.p.w.spi.MetamodelGraphWalker - Visiting attribute path : game
14:46:58.916 [main] DEBUG o.h.p.w.spi.MetamodelGraphWalker - Property path deemed to be circular : game
14:46:58.916 [main] DEBUG o.h.p.w.spi.MetamodelGraphWalker - Visiting attribute path : moveEventType
14:46:58.916 [main] DEBUG o.h.l.p.b.i.FetchStyleLoadPlanBuildingAssociationVisitationStrategy - Building LoadPlan...
14:46:58.917 [main] DEBUG o.h.l.p.e.i.LoadQueryJoinAndFetchProcessor - processing queryspace <gen:0>
14:46:58.918 [main] DEBUG o.h.l.p.b.spi.LoadPlanTreePrinter - LoadPlan(collection=com.tetris.db.entity.Game.moves)
    - Returns
       - CollectionReturnImpl(collection=com.tetris.db.entity.Game.moves, querySpaceUid=<gen:0>, path=[com.tetris.db.entity.Game.moves])
          - (collection element) CollectionFetchableElementEntityGraph(entity=com.tetris.db.entity.Move, querySpaceUid=<gen:1>, path=[com.tetris.db.entity.Game.moves].<elements>)
    - QuerySpaces
       - CollectionQuerySpaceImpl(uid=<gen:0>, collection=com.tetris.db.entity.Game.moves)
          - SQL table alias mapping - moves0_
          - alias suffix - 0_
          - suffixed key columns - {game_id3_3_0_}
          - entity-element alias suffix - 1_
          - 1_entity-element suffixed key columns - move_id1_3_1_
          - JOIN (JoinDefinedByMetadata(elements)) : <gen:0> -> <gen:1>
             - EntityQuerySpaceImpl(uid=<gen:1>, entity=com.tetris.db.entity.Move)
                - SQL table alias mapping - moves0_
                - alias suffix - 1_
                - suffixed key columns - {move_id1_3_1_}

14:46:58.918 [main] DEBUG o.h.l.c.plan.CollectionLoader - Static select for collection com.tetris.db.entity.Game.moves: select moves0_.game_id as game_id3_3_0_, moves0_.move_id as move_id1_3_0_, moves0_.move_id as move_id1_3_1_, moves0_.game_id as game_id3_3_1_, moves0_.move_event_type as move_eve2_3_1_ from Move moves0_ where moves0_.game_id=?
14:46:58.918 [main] DEBUG o.h.l.p.b.i.spaces.QuerySpacesImpl - Adding QuerySpace : uid = <gen:0> -> org.hibernate.loader.plan.build.internal.spaces.CollectionQuerySpaceImpl@3aaa3c39]
14:46:58.918 [main] DEBUG o.h.l.p.b.i.spaces.QuerySpacesImpl - Adding QuerySpace : uid = <gen:1> -> org.hibernate.loader.plan.build.internal.spaces.EntityQuerySpaceImpl@65a9ea3c]
14:46:58.918 [main] DEBUG o.h.p.w.spi.MetamodelGraphWalker - Visiting attribute path : figures
14:46:58.918 [main] DEBUG o.h.p.w.spi.MetamodelGraphWalker - Property path deemed to be circular : figures
14:46:58.918 [main] DEBUG o.h.p.w.spi.MetamodelGraphWalker - Visiting attribute path : moves
14:46:58.918 [main] DEBUG o.h.l.p.b.i.spaces.QuerySpacesImpl - Adding QuerySpace : uid = <gen:2> -> org.hibernate.loader.plan.build.internal.spaces.CollectionQuerySpaceImpl@2db1b657]
14:46:58.918 [main] DEBUG o.h.l.p.b.i.spaces.QuerySpacesImpl - Adding QuerySpace : uid = <gen:3> -> org.hibernate.loader.plan.build.internal.spaces.EntityQuerySpaceImpl@7e351d7]
14:46:58.918 [main] DEBUG o.h.p.w.spi.MetamodelGraphWalker - Visiting attribute path : state
14:46:58.919 [main] DEBUG o.h.l.p.b.i.FetchStyleLoadPlanBuildingAssociationVisitationStrategy - Building LoadPlan...
14:46:58.919 [main] DEBUG o.h.l.p.e.i.LoadQueryJoinAndFetchProcessor - processing queryspace <gen:0>
14:46:58.919 [main] DEBUG o.h.l.p.b.spi.LoadPlanTreePrinter - LoadPlan(collection=com.tetris.db.entity.FigureType.games)
    - Returns
       - CollectionReturnImpl(collection=com.tetris.db.entity.FigureType.games, querySpaceUid=<gen:0>, path=[com.tetris.db.entity.FigureType.games])
          - (collection element) CollectionFetchableElementEntityGraph(entity=com.tetris.db.entity.Game, querySpaceUid=<gen:1>, path=[com.tetris.db.entity.FigureType.games].<elements>)
             - CollectionAttributeFetchImpl(collection=com.tetris.db.entity.Game.moves, querySpaceUid=<gen:2>, path=[com.tetris.db.entity.FigureType.games].<elements>.moves)
                - (collection element) CollectionFetchableElementEntityGraph(entity=com.tetris.db.entity.Move, querySpaceUid=<gen:3>, path=[com.tetris.db.entity.FigureType.games].<elements>.moves.<elements>)
    - QuerySpaces
       - CollectionQuerySpaceImpl(uid=<gen:0>, collection=com.tetris.db.entity.FigureType.games)
          - SQL table alias mapping - games0_
          - alias suffix - 0_
          - suffixed key columns - {figure_t2_0_0_}
          - entity-element alias suffix - 1_
          - 1_entity-element suffixed key columns - game_id1_2_1_
          - JOIN (JoinDefinedByMetadata(elements)) : <gen:0> -> <gen:1>
             - EntityQuerySpaceImpl(uid=<gen:1>, entity=com.tetris.db.entity.Game)
                - SQL table alias mapping - game1_
                - alias suffix - 1_
                - suffixed key columns - {game_id1_2_1_}

14:46:58.919 [main] DEBUG o.h.l.c.plan.CollectionLoader - Static select for collection com.tetris.db.entity.FigureType.games: select games0_.figure_type_id as figure_t2_0_0_, games0_.game_id as game_id1_0_0_, game1_.game_id as game_id1_2_1_, game1_.state as state2_2_1_ from figure games0_ inner join Game game1_ on games0_.game_id=game1_.game_id where games0_.figure_type_id=?
14:46:58.919 [main] DEBUG o.h.l.p.b.i.spaces.QuerySpacesImpl - Adding QuerySpace : uid = <gen:0> -> org.hibernate.loader.plan.build.internal.spaces.CollectionQuerySpaceImpl@30c3ae63]
14:46:58.919 [main] DEBUG o.h.l.p.b.i.spaces.QuerySpacesImpl - Adding QuerySpace : uid = <gen:1> -> org.hibernate.loader.plan.build.internal.spaces.EntityQuerySpaceImpl@58658f63]
14:46:58.920 [main] DEBUG o.h.p.w.spi.MetamodelGraphWalker - Visiting attribute path : figureStructure
14:46:58.920 [main] DEBUG o.h.p.w.spi.MetamodelGraphWalker - Visiting attribute path : games
14:46:58.920 [main] DEBUG o.h.p.w.spi.MetamodelGraphWalker - Property path deemed to be circular : games
14:46:58.920 [main] DEBUG o.h.l.p.b.i.FetchStyleLoadPlanBuildingAssociationVisitationStrategy - Building LoadPlan...
14:46:58.920 [main] DEBUG o.h.l.p.e.i.LoadQueryJoinAndFetchProcessor - processing queryspace <gen:0>
14:46:58.920 [main] DEBUG o.h.l.p.b.spi.LoadPlanTreePrinter - LoadPlan(collection=com.tetris.db.entity.Game.figures)
    - Returns
       - CollectionReturnImpl(collection=com.tetris.db.entity.Game.figures, querySpaceUid=<gen:0>, path=[com.tetris.db.entity.Game.figures])
          - (collection element) CollectionFetchableElementEntityGraph(entity=com.tetris.db.entity.FigureType, querySpaceUid=<gen:1>, path=[com.tetris.db.entity.Game.figures].<elements>)
    - QuerySpaces
       - CollectionQuerySpaceImpl(uid=<gen:0>, collection=com.tetris.db.entity.Game.figures)
          - SQL table alias mapping - figures0_
          - alias suffix - 0_
          - suffixed key columns - {game_id1_0_0_}
          - entity-element alias suffix - 1_
          - 1_entity-element suffixed key columns - figure_t1_1_1_
          - JOIN (JoinDefinedByMetadata(elements)) : <gen:0> -> <gen:1>
             - EntityQuerySpaceImpl(uid=<gen:1>, entity=com.tetris.db.entity.FigureType)
                - SQL table alias mapping - figuretype1_
                - alias suffix - 1_
                - suffixed key columns - {figure_t1_1_1_}

14:46:58.920 [main] DEBUG o.h.l.c.plan.CollectionLoader - Static select for collection com.tetris.db.entity.Game.figures: select figures0_.game_id as game_id1_0_0_, figures0_.figure_type_id as figure_t2_0_0_, figuretype1_.figure_type_id as figure_t1_1_1_, figuretype1_.figure_structure as figure_s2_1_1_ from figure figures0_ inner join figure_type figuretype1_ on figures0_.figure_type_id=figuretype1_.figure_type_id where figures0_.game_id=?
14:46:58.932 [main] DEBUG org.hibernate.type.EnumType - Using NAMED-based conversion for Enum com.tetris.game.handler.MoveEventType
14:46:58.932 [main] DEBUG org.hibernate.type.EnumType - Using NAMED-based conversion for Enum com.tetris.game.handler.MoveEventType
14:46:58.932 [main] DEBUG org.hibernate.type.EnumType - Using NAMED-based conversion for Enum com.tetris.model.GameState
14:46:58.933 [main] DEBUG org.hibernate.type.EnumType - Using NAMED-based conversion for Enum com.tetris.model.GameState
14:46:58.935 [main] DEBUG o.h.t.s.s.SchemaManagementToolCoordinator - No actions specified; doing nothing
14:46:58.937 [main] DEBUG o.h.query.spi.NamedQueryRepository - Checking 0 named HQL queries
14:46:58.938 [main] DEBUG o.h.query.spi.NamedQueryRepository - Checking 0 named SQL queries
14:46:58.938 [main] DEBUG o.h.internal.SessionFactoryRegistry - Initializing SessionFactoryRegistry : org.hibernate.internal.SessionFactoryRegistry@9f674ac
14:46:58.939 [main] DEBUG o.h.internal.SessionFactoryRegistry - Registering SessionFactory: 65301f96-a15c-4861-bb07-8eae83160d35 (<unnamed>)
14:46:58.939 [main] DEBUG o.h.internal.SessionFactoryRegistry - Not binding SessionFactory to JNDI, no JNDI name configured
14:46:58.984 [main] DEBUG o.h.s.internal.StatisticsInitiator - Statistics initialized [enabled=false]
14:46:58.987 [main] DEBUG o.h.e.t.internal.TransactionImpl - On TransactionImpl creation, JpaCompliance#isJpaTransactionComplianceEnabled == false
14:46:58.987 [main] DEBUG o.h.e.t.internal.TransactionImpl - begin
14:46:58.992 [main] DEBUG org.hibernate.SQL - select game0_.game_id as game_id1_2_0_, game0_.state as state2_2_0_ from Game game0_ where game0_.game_id=?
14:46:58.994 [main] DEBUG o.h.l.p.e.p.i.ResultSetProcessorImpl - Starting ResultSet row #0
14:46:58.994 [main] DEBUG o.h.l.p.e.p.i.EntityReferenceInitializerImpl - On call to EntityIdentifierReaderImpl#resolve, EntityKey was already known; should only happen on root returns with an optional identifier specified
14:46:58.998 [main] DEBUG o.h.engine.internal.TwoPhaseLoad - Resolving associations for [com.tetris.db.entity.Game#1]
14:46:59.002 [main] DEBUG o.h.engine.internal.TwoPhaseLoad - Done materializing entity [com.tetris.db.entity.Game#1]
14:46:59.002 [main] DEBUG o.h.r.j.i.ResourceRegistryStandardImpl - HHH000387: ResultSet's statement was not registered
14:46:59.002 [main] DEBUG o.h.l.e.p.AbstractLoadPlanBasedEntityLoader - Done entity load : com.tetris.db.entity.Game#1
14:46:59.074 [main] DEBUG o.h.l.c.p.AbstractLoadPlanBasedCollectionInitializer - Loading collection: [com.tetris.db.entity.Game.figures#1]
14:46:59.074 [main] DEBUG org.hibernate.SQL - select figures0_.game_id as game_id1_0_0_, figures0_.figure_type_id as figure_t2_0_0_, figuretype1_.figure_type_id as figure_t1_1_1_, figuretype1_.figure_structure as figure_s2_1_1_ from figure figures0_ inner join figure_type figuretype1_ on figures0_.figure_type_id=figuretype1_.figure_type_id where figures0_.game_id=?
14:46:59.075 [main] DEBUG o.h.l.p.e.p.i.ResultSetProcessorImpl - Preparing collection intializer : [com.tetris.db.entity.Game.figures#1]
14:46:59.076 [main] DEBUG o.h.l.p.e.p.i.ResultSetProcessorImpl - Starting ResultSet row #0
14:46:59.076 [main] DEBUG o.h.l.p.e.p.i.CollectionReferenceInitializerImpl - Found row of collection: [com.tetris.db.entity.Game.figures#1]
14:46:59.077 [main] DEBUG o.h.l.p.e.p.i.ResultSetProcessorImpl - Starting ResultSet row #1
14:46:59.077 [main] DEBUG o.h.l.p.e.p.i.CollectionReferenceInitializerImpl - Found row of collection: [com.tetris.db.entity.Game.figures#1]
14:46:59.077 [main] DEBUG o.h.l.p.e.p.i.ResultSetProcessorImpl - Starting ResultSet row #2
14:46:59.077 [main] DEBUG o.h.l.p.e.p.i.CollectionReferenceInitializerImpl - Found row of collection: [com.tetris.db.entity.Game.figures#1]
14:46:59.077 [main] DEBUG o.h.l.p.e.p.i.ResultSetProcessorImpl - Starting ResultSet row #3
14:46:59.077 [main] DEBUG o.h.l.p.e.p.i.CollectionReferenceInitializerImpl - Found row of collection: [com.tetris.db.entity.Game.figures#1]
14:46:59.077 [main] DEBUG o.h.engine.internal.TwoPhaseLoad - Resolving associations for [com.tetris.db.entity.FigureType#1]
14:46:59.077 [main] DEBUG o.h.engine.internal.TwoPhaseLoad - Done materializing entity [com.tetris.db.entity.FigureType#1]
14:46:59.077 [main] DEBUG o.h.engine.internal.TwoPhaseLoad - Resolving associations for [com.tetris.db.entity.FigureType#2]
14:46:59.077 [main] DEBUG o.h.engine.internal.TwoPhaseLoad - Done materializing entity [com.tetris.db.entity.FigureType#2]
14:46:59.077 [main] DEBUG o.h.engine.internal.TwoPhaseLoad - Resolving associations for [com.tetris.db.entity.FigureType#4]
14:46:59.077 [main] DEBUG o.h.engine.internal.TwoPhaseLoad - Done materializing entity [com.tetris.db.entity.FigureType#4]
14:46:59.077 [main] DEBUG o.h.e.l.i.CollectionLoadContext - 1 collections were found in result set for role: com.tetris.db.entity.Game.figures
14:46:59.078 [main] DEBUG o.h.e.l.i.CollectionLoadContext - Collection fully initialized: [com.tetris.db.entity.Game.figures#1]
14:46:59.078 [main] DEBUG o.h.e.l.i.CollectionLoadContext - 1 collections initialized for role: com.tetris.db.entity.Game.figures
14:46:59.078 [main] DEBUG o.h.r.j.i.ResourceRegistryStandardImpl - HHH000387: ResultSet's statement was not registered
14:46:59.078 [main] DEBUG o.h.l.c.p.AbstractLoadPlanBasedCollectionInitializer - Done loading collection
